<?xml version="1.0" encoding="UTF-8"?>
<testsuite xmlns:xsi="http://www.w3.org/2001/XMLSchema-instance" xsi:noNamespaceSchemaLocation="https://maven.apache.org/surefire/maven-surefire-plugin/xsd/surefire-test-report.xsd" version="3.0.2" name="com.example.my_test_app.MyTestAppApplicationTests" time="18.359" tests="1" errors="0" skipped="0" failures="0">
  <properties>
[...]
</properties>
  <testcase name="contextLoads" classname="com.example.my_test_app.MyTestAppApplicationTests" time="1.477">
    <system-out><![CDATA[17:10:14.117 [main] INFO org.springframework.test.context.support.AnnotationConfigContextLoaderUtils -- Could not detect default configuration classes for test class [com.example.my_test_app.MyTestAppApplicationTests]: MyTestAppApplicationTests does not declare any static, non-private, non-final, nested classes annotated with @Configuration.
17:10:14.313 [main] INFO org.springframework.boot.test.context.SpringBootTestContextBootstrapper -- Found @SpringBootConfiguration com.example.my_test_app.MyTestAppApplication for test class com.example.my_test_app.MyTestAppApplicationTests

  .   ____          _            __ _ _
 /\\ / ___'_ __ _ _(_)_ __  __ _ \ \ \ \
( ( )\___ | '_ | '_| | '_ \/ _` | \ \ \ \
 \\/  ___)| |_)| | | | | || (_| |  ) ) ) )
  '  |____| .__|_| |_|_| |_\__, | / / / /
 =========|_|==============|___/=/_/_/_/

 :: Spring Boot ::                (v3.5.0)

2025-06-29T17:10:15.422+09:00 DEBUG 10716 --- [my-test-app] [kground-preinit] org.jboss.logging                        : Logging Provider: org.jboss.logging.Slf4jLoggerProvider found via system property
2025-06-29T17:10:15.468+09:00 DEBUG 10716 --- [my-test-app] [kground-preinit] o.h.v.i.xml.config.ValidationXmlParser   : Trying to load META-INF/validation.xml for XML based Validator configuration.
2025-06-29T17:10:15.470+09:00 DEBUG 10716 --- [my-test-app] [kground-preinit] o.h.v.i.xml.config.ResourceLoaderHelper  : Trying to load META-INF/validation.xml via TCCL
2025-06-29T17:10:15.471+09:00 DEBUG 10716 --- [my-test-app] [kground-preinit] o.h.v.i.xml.config.ResourceLoaderHelper  : Trying to load META-INF/validation.xml via Hibernate Validator's class loader
2025-06-29T17:10:15.471+09:00 DEBUG 10716 --- [my-test-app] [kground-preinit] o.h.v.i.xml.config.ValidationXmlParser   : No META-INF/validation.xml found. Using annotation based configuration only.
2025-06-29T17:10:15.501+09:00 DEBUG 10716 --- [my-test-app] [kground-preinit] o.h.v.i.e.resolver.TraversableResolvers  : Found jakarta.persistence.Persistence on classpath containing 'getPersistenceUtil'. Assuming JPA 2 environment. Trying to instantiate JPA aware TraversableResolver
2025-06-29T17:10:15.502+09:00 DEBUG 10716 --- [my-test-app] [kground-preinit] o.h.v.i.e.resolver.TraversableResolvers  : Instantiated JPA aware TraversableResolver of type org.hibernate.validator.internal.engine.resolver.JPATraversableResolver.
2025-06-29T17:10:15.525+09:00  INFO 10716 --- [my-test-app] [           main] c.e.m.MyTestAppApplicationTests          : Starting MyTestAppApplicationTests using Java 21.0.7 with PID 10716 (started by aki0g in C:\Users\aki0g\Documents\まとめ\勉強中\MySQL\準備\my-test-app\my-test-app)
2025-06-29T17:10:15.526+09:00 DEBUG 10716 --- [my-test-app] [           main] c.e.m.MyTestAppApplicationTests          : Running with Spring Boot v3.5.0, Spring v6.2.7
2025-06-29T17:10:15.526+09:00  INFO 10716 --- [my-test-app] [           main] c.e.m.MyTestAppApplicationTests          : No active profile set, falling back to 1 default profile: "default"
2025-06-29T17:10:15.527+09:00 DEBUG 10716 --- [my-test-app] [           main] o.s.boot.SpringApplication               : Loading source class com.example.my_test_app.MyTestAppApplication
2025-06-29T17:10:15.608+09:00 DEBUG 10716 --- [my-test-app] [kground-preinit] .h.v.m.ResourceBundleMessageInterpolator : Loaded expression factory via original TCCL
2025-06-29T17:10:15.837+09:00 DEBUG 10716 --- [my-test-app] [kground-preinit] .i.e.ValidatorFactoryConfigurationHelper : HV000252: Using org.hibernate.validator.internal.engine.DefaultPropertyNodeNameProvider as property node name provider.
2025-06-29T17:10:15.844+09:00 DEBUG 10716 --- [my-test-app] [kground-preinit] .i.e.ValidatorFactoryConfigurationHelper : HV000234: Using org.hibernate.validator.messageinterpolation.ResourceBundleMessageInterpolator as ValidatorFactory-scoped message interpolator.
2025-06-29T17:10:15.844+09:00 DEBUG 10716 --- [my-test-app] [kground-preinit] .i.e.ValidatorFactoryConfigurationHelper : HV000234: Using org.hibernate.validator.internal.engine.resolver.JPATraversableResolver as ValidatorFactory-scoped traversable resolver.
2025-06-29T17:10:15.844+09:00 DEBUG 10716 --- [my-test-app] [kground-preinit] .i.e.ValidatorFactoryConfigurationHelper : HV000234: Using org.hibernate.validator.internal.util.ExecutableParameterNameProvider as ValidatorFactory-scoped parameter name provider.
2025-06-29T17:10:15.844+09:00 DEBUG 10716 --- [my-test-app] [kground-preinit] .i.e.ValidatorFactoryConfigurationHelper : HV000234: Using org.hibernate.validator.internal.engine.DefaultClockProvider as ValidatorFactory-scoped clock provider.
2025-06-29T17:10:15.844+09:00 DEBUG 10716 --- [my-test-app] [kground-preinit] .i.e.ValidatorFactoryConfigurationHelper : HV000234: Using org.hibernate.validator.internal.engine.scripting.DefaultScriptEvaluatorFactory as ValidatorFactory-scoped script evaluator factory.
2025-06-29T17:10:16.153+09:00 DEBUG 10716 --- [my-test-app] [           main] o.s.w.c.s.GenericWebApplicationContext   : Refreshing org.springframework.web.context.support.GenericWebApplicationContext@680362a
2025-06-29T17:10:16.211+09:00 DEBUG 10716 --- [my-test-app] [           main] o.s.b.f.s.DefaultListableBeanFactory     : Creating shared instance of singleton bean 'org.springframework.context.annotation.internalConfigurationAnnotationProcessor'
2025-06-29T17:10:16.243+09:00 DEBUG 10716 --- [my-test-app] [           main] o.s.b.f.s.DefaultListableBeanFactory     : Creating shared instance of singleton bean 'org.springframework.boot.autoconfigure.internalCachingMetadataReaderFactory'
2025-06-29T17:10:16.477+09:00 DEBUG 10716 --- [my-test-app] [           main] o.s.c.a.ClassPathBeanDefinitionScanner   : Identified candidate component class: file [C:\Users\aki0g\Documents\まとめ\勉強中\MySQL\準備\my-test-app\my-test-app\target\classes\com\example\my_test_app\config\SecurityConfig.class]
2025-06-29T17:10:16.540+09:00 DEBUG 10716 --- [my-test-app] [           main] o.s.c.a.ClassPathBeanDefinitionScanner   : Identified candidate component class: file [C:\Users\aki0g\Documents\まとめ\勉強中\MySQL\準備\my-test-app\my-test-app\target\classes\com\example\my_test_app\controller\CartController.class]
2025-06-29T17:10:16.559+09:00 DEBUG 10716 --- [my-test-app] [           main] o.s.c.a.ClassPathBeanDefinitionScanner   : Identified candidate component class: file [C:\Users\aki0g\Documents\まとめ\勉強中\MySQL\準備\my-test-app\my-test-app\target\classes\com\example\my_test_app\controller\ProductController.class]
2025-06-29T17:10:16.560+09:00 DEBUG 10716 --- [my-test-app] [           main] o.s.c.a.ClassPathBeanDefinitionScanner   : Identified candidate component class: file [C:\Users\aki0g\Documents\まとめ\勉強中\MySQL\準備\my-test-app\my-test-app\target\classes\com\example\my_test_app\controller\UserController.class]
2025-06-29T17:10:16.563+09:00 DEBUG 10716 --- [my-test-app] [           main] o.s.c.a.ClassPathBeanDefinitionScanner   : Identified candidate component class: file [C:\Users\aki0g\Documents\まとめ\勉強中\MySQL\準備\my-test-app\my-test-app\target\classes\com\example\my_test_app\GlobalExceptionHandler.class]
2025-06-29T17:10:16.569+09:00 DEBUG 10716 --- [my-test-app] [           main] o.s.c.a.ClassPathBeanDefinitionScanner   : Ignored because not a concrete top-level class: file [C:\Users\aki0g\Documents\まとめ\勉強中\MySQL\準備\my-test-app\my-test-app\target\classes\com\example\my_test_app\repository\CartItemRepository.class]
2025-06-29T17:10:16.688+09:00 DEBUG 10716 --- [my-test-app] [           main] o.s.c.a.ClassPathBeanDefinitionScanner   : Ignored because not a concrete top-level class: file [C:\Users\aki0g\Documents\まとめ\勉強中\MySQL\準備\my-test-app\my-test-app\target\classes\com\example\my_test_app\repository\CartRepository.class]
2025-06-29T17:10:16.691+09:00 DEBUG 10716 --- [my-test-app] [           main] o.s.c.a.ClassPathBeanDefinitionScanner   : Ignored because not a concrete top-level class: file [C:\Users\aki0g\Documents\まとめ\勉強中\MySQL\準備\my-test-app\my-test-app\target\classes\com\example\my_test_app\repository\PasswordResetTokenRepository.class]
2025-06-29T17:10:16.693+09:00 DEBUG 10716 --- [my-test-app] [           main] o.s.c.a.ClassPathBeanDefinitionScanner   : Ignored because not a concrete top-level class: file [C:\Users\aki0g\Documents\まとめ\勉強中\MySQL\準備\my-test-app\my-test-app\target\classes\com\example\my_test_app\repository\ProductRepository.class]
2025-06-29T17:10:16.694+09:00 DEBUG 10716 --- [my-test-app] [           main] o.s.c.a.ClassPathBeanDefinitionScanner   : Ignored because not a concrete top-level class: file [C:\Users\aki0g\Documents\まとめ\勉強中\MySQL\準備\my-test-app\my-test-app\target\classes\com\example\my_test_app\repository\UserRepository.class]
2025-06-29T17:10:16.697+09:00 DEBUG 10716 --- [my-test-app] [           main] o.s.c.a.ClassPathBeanDefinitionScanner   : Identified candidate component class: file [C:\Users\aki0g\Documents\まとめ\勉強中\MySQL\準備\my-test-app\my-test-app\target\classes\com\example\my_test_app\service\CartService.class]
2025-06-29T17:10:16.697+09:00 DEBUG 10716 --- [my-test-app] [           main] o.s.c.a.ClassPathBeanDefinitionScanner   : Identified candidate component class: file [C:\Users\aki0g\Documents\まとめ\勉強中\MySQL\準備\my-test-app\my-test-app\target\classes\com\example\my_test_app\service\ProductService.class]
2025-06-29T17:10:16.698+09:00 DEBUG 10716 --- [my-test-app] [           main] o.s.c.a.ClassPathBeanDefinitionScanner   : Identified candidate component class: file [C:\Users\aki0g\Documents\まとめ\勉強中\MySQL\準備\my-test-app\my-test-app\target\classes\com\example\my_test_app\service\UserService.class]
2025-06-29T17:10:18.320+09:00  INFO 10716 --- [my-test-app] [           main] .s.d.r.c.RepositoryConfigurationDelegate : Bootstrapping Spring Data JPA repositories in DEFAULT mode.
2025-06-29T17:10:18.355+09:00 DEBUG 10716 --- [my-test-app] [           main] o.s.b.f.s.DefaultListableBeanFactory     : Creating shared instance of singleton bean 'org.springframework.boot.autoconfigure.AutoConfigurationPackages'
2025-06-29T17:10:18.382+09:00 DEBUG 10716 --- [my-test-app] [           main] o.s.b.a.AutoConfigurationPackages        : @EnableAutoConfiguration was declared on a class in the package 'com.example.my_test_app'. Automatic @Repository and @Entity scanning is enabled.
2025-06-29T17:10:18.384+09:00 DEBUG 10716 --- [my-test-app] [           main] .s.d.r.c.RepositoryConfigurationDelegate : Scanning for JPA repositories in packages com.example.my_test_app.
2025-06-29T17:10:18.398+09:00 DEBUG 10716 --- [my-test-app] [           main] o.s.d.r.c.RepositoryComponentProvider    : Identified candidate component class: file [C:\Users\aki0g\Documents\まとめ\勉強中\MySQL\準備\my-test-app\my-test-app\target\classes\com\example\my_test_app\repository\CartItemRepository.class]
2025-06-29T17:10:18.399+09:00 DEBUG 10716 --- [my-test-app] [           main] o.s.d.r.c.RepositoryComponentProvider    : Identified candidate component class: file [C:\Users\aki0g\Documents\まとめ\勉強中\MySQL\準備\my-test-app\my-test-app\target\classes\com\example\my_test_app\repository\CartRepository.class]
2025-06-29T17:10:18.399+09:00 DEBUG 10716 --- [my-test-app] [           main] o.s.d.r.c.RepositoryComponentProvider    : Identified candidate component class: file [C:\Users\aki0g\Documents\まとめ\勉強中\MySQL\準備\my-test-app\my-test-app\target\classes\com\example\my_test_app\repository\PasswordResetTokenRepository.class]
2025-06-29T17:10:18.399+09:00 DEBUG 10716 --- [my-test-app] [           main] o.s.d.r.c.RepositoryComponentProvider    : Identified candidate component class: file [C:\Users\aki0g\Documents\まとめ\勉強中\MySQL\準備\my-test-app\my-test-app\target\classes\com\example\my_test_app\repository\ProductRepository.class]
2025-06-29T17:10:18.399+09:00 DEBUG 10716 --- [my-test-app] [           main] o.s.d.r.c.RepositoryComponentProvider    : Identified candidate component class: file [C:\Users\aki0g\Documents\まとめ\勉強中\MySQL\準備\my-test-app\my-test-app\target\classes\com\example\my_test_app\repository\UserRepository.class]
2025-06-29T17:10:18.449+09:00  INFO 10716 --- [my-test-app] [           main] .s.d.r.c.RepositoryConfigurationDelegate : Finished Spring Data repository scanning in 63 ms. Found 5 JPA repository interfaces.
2025-06-29T17:10:18.626+09:00 DEBUG 10716 --- [my-test-app] [           main] o.s.b.f.s.DefaultListableBeanFactory     : Creating shared instance of singleton bean 'springSecurityPathPatternParserBeanDefinitionRegistryPostProcessor'
2025-06-29T17:10:18.635+09:00 DEBUG 10716 --- [my-test-app] [           main] o.s.b.f.s.DefaultListableBeanFactory     : Creating shared instance of singleton bean 'springSecurityHandlerMappingIntrospectorBeanDefinitionRegistryPostProcessor'
2025-06-29T17:10:18.772+09:00 DEBUG 10716 --- [my-test-app] [           main] o.s.b.f.s.DefaultListableBeanFactory     : Creating shared instance of singleton bean 'propertySourcesPlaceholderConfigurer'
2025-06-29T17:10:18.777+09:00 DEBUG 10716 --- [my-test-app] [           main] o.s.b.f.s.DefaultListableBeanFactory     : Creating shared instance of singleton bean 'org.springframework.boot.test.mock.mockito.MockitoPostProcessor'
2025-06-29T17:10:18.779+09:00 DEBUG 10716 --- [my-test-app] [           main] o.s.b.f.s.DefaultListableBeanFactory     : Creating shared instance of singleton bean 'emBeanDefinitionRegistrarPostProcessor'
2025-06-29T17:10:18.779+09:00 DEBUG 10716 --- [my-test-app] [           main] o.s.b.f.s.DefaultListableBeanFactory     : Creating shared instance of singleton bean 'org.springframework.boot.sql.init.dependency.DatabaseInitializationDependencyConfigurer$DependsOnDatabaseInitializationPostProcessor'
2025-06-29T17:10:18.924+09:00 DEBUG 10716 --- [my-test-app] [           main] o.s.b.f.s.DefaultListableBeanFactory     : Creating shared instance of singleton bean 'org.springframework.context.event.internalEventListenerProcessor'
2025-06-29T17:10:18.927+09:00 DEBUG 10716 --- [my-test-app] [           main] o.s.b.f.s.DefaultListableBeanFactory     : Creating shared instance of singleton bean 'conversionServicePostProcessor'
2025-06-29T17:10:18.936+09:00 DEBUG 10716 --- [my-test-app] [           main] o.s.b.f.s.DefaultListableBeanFactory     : Creating shared instance of singleton bean 'bootstrapExecutorAliasPostProcessor'
2025-06-29T17:10:18.938+09:00 DEBUG 10716 --- [my-test-app] [           main] o.s.b.f.s.DefaultListableBeanFactory     : Creating shared instance of singleton bean 'preserveErrorControllerTargetClassPostProcessor'
2025-06-29T17:10:18.938+09:00 DEBUG 10716 --- [my-test-app] [           main] o.s.b.f.s.DefaultListableBeanFactory     : Creating shared instance of singleton bean 'org.springframework.context.event.internalEventListenerFactory'
2025-06-29T17:10:18.939+09:00 DEBUG 10716 --- [my-test-app] [           main] o.s.b.f.s.DefaultListableBeanFactory     : Creating shared instance of singleton bean 'org.springframework.transaction.config.internalTransactionalEventListenerFactory'
2025-06-29T17:10:18.942+09:00 DEBUG 10716 --- [my-test-app] [           main] o.s.b.f.s.DefaultListableBeanFactory     : Creating shared instance of singleton bean 'org.springframework.boot.test.mock.mockito.MockitoPostProcessor$SpyPostProcessor'
2025-06-29T17:10:18.943+09:00 DEBUG 10716 --- [my-test-app] [           main] o.s.b.f.s.DefaultListableBeanFactory     : Creating shared instance of singleton bean 'org.springframework.context.annotation.internalAutowiredAnnotationProcessor'
2025-06-29T17:10:18.945+09:00 DEBUG 10716 --- [my-test-app] [           main] o.s.b.f.s.DefaultListableBeanFactory     : Creating shared instance of singleton bean 'org.springframework.context.annotation.internalCommonAnnotationProcessor'
2025-06-29T17:10:18.959+09:00 DEBUG 10716 --- [my-test-app] [           main] o.s.b.f.s.DefaultListableBeanFactory     : Creating shared instance of singleton bean 'org.springframework.context.annotation.internalPersistenceAnnotationProcessor'
2025-06-29T17:10:18.959+09:00 DEBUG 10716 --- [my-test-app] [           main] o.s.b.f.s.DefaultListableBeanFactory     : Creating shared instance of singleton bean 'org.springframework.boot.context.properties.ConfigurationPropertiesBindingPostProcessor'
2025-06-29T17:10:18.960+09:00 DEBUG 10716 --- [my-test-app] [           main] o.s.b.f.s.DefaultListableBeanFactory     : Creating shared instance of singleton bean 'org.springframework.boot.context.internalConfigurationPropertiesBinder'
2025-06-29T17:10:18.961+09:00 DEBUG 10716 --- [my-test-app] [           main] o.s.b.f.s.DefaultListableBeanFactory     : Creating shared instance of singleton bean 'jdbcConnectionDetailsHikariBeanPostProcessor'
2025-06-29T17:10:18.965+09:00 DEBUG 10716 --- [my-test-app] [           main] o.s.b.f.s.DefaultListableBeanFactory     : Creating shared instance of singleton bean 'methodValidationPostProcessor'
2025-06-29T17:10:18.967+09:00 DEBUG 10716 --- [my-test-app] [           main] o.s.b.f.s.DefaultListableBeanFactory     : Autowiring by type from bean name 'methodValidationPostProcessor' via factory method to bean named 'environment'
2025-06-29T17:10:18.997+09:00 DEBUG 10716 --- [my-test-app] [           main] o.s.b.f.s.DefaultListableBeanFactory     : Creating shared instance of singleton bean 'org.springframework.boot.context.properties.EnableConfigurationPropertiesRegistrar.methodValidationExcludeFilter'
2025-06-29T17:10:19.027+09:00 DEBUG 10716 --- [my-test-app] [           main] o.s.b.f.s.DefaultListableBeanFactory     : Creating shared instance of singleton bean 'org.springframework.aop.config.internalAutoProxyCreator'
2025-06-29T17:10:19.163+09:00 DEBUG 10716 --- [my-test-app] [           main] o.s.b.f.s.DefaultListableBeanFactory     : Creating shared instance of singleton bean 'persistenceExceptionTranslationPostProcessor'
2025-06-29T17:10:19.164+09:00 DEBUG 10716 --- [my-test-app] [           main] o.s.b.f.s.DefaultListableBeanFactory     : Autowiring by type from bean name 'persistenceExceptionTranslationPostProcessor' via factory method to bean named 'environment'
2025-06-29T17:10:19.186+09:00 DEBUG 10716 --- [my-test-app] [           main] o.s.b.f.s.DefaultListableBeanFactory     : Creating shared instance of singleton bean 'webServerFactoryCustomizerBeanPostProcessor'
2025-06-29T17:10:19.189+09:00 DEBUG 10716 --- [my-test-app] [           main] o.s.b.f.s.DefaultListableBeanFactory     : Creating shared instance of singleton bean 'errorPageRegistrarBeanPostProcessor'
2025-06-29T17:10:19.190+09:00 DEBUG 10716 --- [my-test-app] [           main] o.s.b.f.s.DefaultListableBeanFactory     : Creating shared instance of singleton bean 'projectingArgumentResolverBeanPostProcessor'
2025-06-29T17:10:19.193+09:00 DEBUG 10716 --- [my-test-app] [           main] o.s.b.f.s.DefaultListableBeanFactory     : Creating shared instance of singleton bean 'org.springframework.transaction.config.internalTransactionAdvisor'
2025-06-29T17:10:19.194+09:00 DEBUG 10716 --- [my-test-app] [           main] o.s.b.f.s.DefaultListableBeanFactory     : Creating shared instance of singleton bean 'org.springframework.transaction.annotation.ProxyTransactionManagementConfiguration'
2025-06-29T17:10:19.211+09:00 DEBUG 10716 --- [my-test-app] [           main] o.s.b.f.s.DefaultListableBeanFactory     : Creating shared instance of singleton bean 'transactionAttributeSource'
2025-06-29T17:10:19.212+09:00 DEBUG 10716 --- [my-test-app] [           main] o.s.b.f.s.DefaultListableBeanFactory     : Creating shared instance of singleton bean 'transactionInterceptor'
2025-06-29T17:10:19.213+09:00 DEBUG 10716 --- [my-test-app] [           main] o.s.b.f.s.DefaultListableBeanFactory     : Autowiring by type from bean name 'transactionInterceptor' via factory method to bean named 'transactionAttributeSource'
2025-06-29T17:10:19.254+09:00 DEBUG 10716 --- [my-test-app] [           main] o.s.b.f.s.DefaultListableBeanFactory     : Autowiring by type from bean name 'org.springframework.transaction.config.internalTransactionAdvisor' via factory method to bean named 'transactionAttributeSource'
2025-06-29T17:10:19.254+09:00 DEBUG 10716 --- [my-test-app] [           main] o.s.b.f.s.DefaultListableBeanFactory     : Autowiring by type from bean name 'org.springframework.transaction.config.internalTransactionAdvisor' via factory method to bean named 'transactionInterceptor'
2025-06-29T17:10:19.416+09:00 DEBUG 10716 --- [my-test-app] [           main] o.s.u.c.s.UiApplicationContextUtils      : Unable to locate ThemeSource with name 'themeSource': using default [org.springframework.ui.context.support.ResourceBundleThemeSource@35bd8bc9]
2025-06-29T17:10:19.418+09:00 DEBUG 10716 --- [my-test-app] [           main] o.s.b.f.s.DefaultListableBeanFactory     : Creating shared instance of singleton bean 'applicationTaskExecutor'
2025-06-29T17:10:19.418+09:00 DEBUG 10716 --- [my-test-app] [           main] o.s.b.f.s.DefaultListableBeanFactory     : Creating shared instance of singleton bean 'org.springframework.boot.autoconfigure.task.TaskExecutorConfigurations$TaskExecutorConfiguration'
2025-06-29T17:10:19.420+09:00 DEBUG 10716 --- [my-test-app] [           main] o.s.b.f.s.DefaultListableBeanFactory     : Creating shared instance of singleton bean 'threadPoolTaskExecutorBuilder'
2025-06-29T17:10:19.421+09:00 DEBUG 10716 --- [my-test-app] [           main] o.s.b.f.s.DefaultListableBeanFactory     : Creating shared instance of singleton bean 'org.springframework.boot.autoconfigure.task.TaskExecutorConfigurations$ThreadPoolTaskExecutorBuilderConfiguration'
2025-06-29T17:10:19.423+09:00 DEBUG 10716 --- [my-test-app] [           main] o.s.b.f.s.DefaultListableBeanFactory     : Creating shared instance of singleton bean 'spring.task.execution-org.springframework.boot.autoconfigure.task.TaskExecutionProperties'
2025-06-29T17:10:19.425+09:00 DEBUG 10716 --- [my-test-app] [           main] o.s.b.f.s.DefaultListableBeanFactory     : Creating shared instance of singleton bean 'org.springframework.boot.context.properties.BoundConfigurationProperties'
2025-06-29T17:10:19.456+09:00 DEBUG 10716 --- [my-test-app] [           main] o.s.b.f.s.DefaultListableBeanFactory     : Autowiring by type from bean name 'threadPoolTaskExecutorBuilder' via factory method to bean named 'spring.task.execution-org.springframework.boot.autoconfigure.task.TaskExecutionProperties'
2025-06-29T17:10:19.459+09:00 DEBUG 10716 --- [my-test-app] [           main] o.s.b.f.s.DefaultListableBeanFactory     : Autowiring by type from bean name 'applicationTaskExecutor' via factory method to bean named 'threadPoolTaskExecutorBuilder'
2025-06-29T17:10:19.490+09:00 DEBUG 10716 --- [my-test-app] [           main] o.s.s.concurrent.ThreadPoolTaskExecutor  : Initializing ExecutorService 'applicationTaskExecutor'
2025-06-29T17:10:19.495+09:00 DEBUG 10716 --- [my-test-app] [           main] o.s.b.f.s.DefaultListableBeanFactory     : Creating shared instance of singleton bean 'org.springframework.test.context.support.internalDynamicPropertyRegistrarBeanInitializer'
2025-06-29T17:10:19.497+09:00 DEBUG 10716 --- [my-test-app] [           main] o.s.b.f.s.DefaultListableBeanFactory     : Creating shared instance of singleton bean 'dataSourceScriptDatabaseInitializer'
2025-06-29T17:10:19.497+09:00 DEBUG 10716 --- [my-test-app] [           main] o.s.b.f.s.DefaultListableBeanFactory     : Creating shared instance of singleton bean 'org.springframework.boot.autoconfigure.sql.init.DataSourceInitializationConfiguration'
2025-06-29T17:10:19.497+09:00 DEBUG 10716 --- [my-test-app] [           main] o.s.b.f.s.DefaultListableBeanFactory     : Creating shared instance of singleton bean 'dataSource'
2025-06-29T17:10:19.498+09:00 DEBUG 10716 --- [my-test-app] [           main] o.s.b.f.s.DefaultListableBeanFactory     : Creating shared instance of singleton bean 'org.springframework.boot.autoconfigure.jdbc.DataSourceConfiguration$Hikari'
2025-06-29T17:10:19.498+09:00 DEBUG 10716 --- [my-test-app] [           main] o.s.b.f.s.DefaultListableBeanFactory     : Creating shared instance of singleton bean 'spring.datasource-org.springframework.boot.autoconfigure.jdbc.DataSourceProperties'
2025-06-29T17:10:19.558+09:00 DEBUG 10716 --- [my-test-app] [           main] o.s.b.f.s.DefaultListableBeanFactory     : Creating shared instance of singleton bean 'jdbcConnectionDetails'
2025-06-29T17:10:19.558+09:00 DEBUG 10716 --- [my-test-app] [           main] o.s.b.f.s.DefaultListableBeanFactory     : Creating shared instance of singleton bean 'org.springframework.boot.autoconfigure.jdbc.DataSourceAutoConfiguration$PooledDataSourceConfiguration'
2025-06-29T17:10:19.559+09:00 DEBUG 10716 --- [my-test-app] [           main] o.s.b.f.s.DefaultListableBeanFactory     : Autowiring by type from bean name 'jdbcConnectionDetails' via factory method to bean named 'spring.datasource-org.springframework.boot.autoconfigure.jdbc.DataSourceProperties'
2025-06-29T17:10:19.560+09:00 DEBUG 10716 --- [my-test-app] [           main] o.s.b.f.s.DefaultListableBeanFactory     : Autowiring by type from bean name 'dataSource' via factory method to bean named 'spring.datasource-org.springframework.boot.autoconfigure.jdbc.DataSourceProperties'
2025-06-29T17:10:19.561+09:00 DEBUG 10716 --- [my-test-app] [           main] o.s.b.f.s.DefaultListableBeanFactory     : Autowiring by type from bean name 'dataSource' via factory method to bean named 'jdbcConnectionDetails'
2025-06-29T17:10:19.561+09:00 DEBUG 10716 --- [my-test-app] [           main] o.s.b.f.s.DefaultListableBeanFactory     : Autowiring by type from bean name 'dataSource' via factory method to bean named 'environment'
2025-06-29T17:10:19.603+09:00 DEBUG 10716 --- [my-test-app] [           main] com.zaxxer.hikari.HikariConfig           : Class com.mysql.cj.jdbc.Driver found in Thread context class loader jdk.internal.loader.ClassLoaders$AppClassLoader@6bc7c054
2025-06-29T17:10:19.654+09:00 DEBUG 10716 --- [my-test-app] [           main] o.s.b.f.s.DefaultListableBeanFactory     : Creating shared instance of singleton bean 'spring.sql.init-org.springframework.boot.autoconfigure.sql.init.SqlInitializationProperties'
2025-06-29T17:10:19.656+09:00 DEBUG 10716 --- [my-test-app] [           main] o.s.b.f.s.DefaultListableBeanFactory     : Autowiring by type from bean name 'dataSourceScriptDatabaseInitializer' via factory method to bean named 'dataSource'
2025-06-29T17:10:19.657+09:00 DEBUG 10716 --- [my-test-app] [           main] o.s.b.f.s.DefaultListableBeanFactory     : Autowiring by type from bean name 'dataSourceScriptDatabaseInitializer' via factory method to bean named 'spring.sql.init-org.springframework.boot.autoconfigure.sql.init.SqlInitializationProperties'
2025-06-29T17:10:19.723+09:00 DEBUG 10716 --- [my-test-app] [           main] com.zaxxer.hikari.HikariConfig           : HikariPool-1 - configuration:
2025-06-29T17:10:19.728+09:00 DEBUG 10716 --- [my-test-app] [           main] com.zaxxer.hikari.HikariConfig           : allowPoolSuspension.............false
2025-06-29T17:10:19.729+09:00 DEBUG 10716 --- [my-test-app] [           main] com.zaxxer.hikari.HikariConfig           : autoCommit......................true
2025-06-29T17:10:19.729+09:00 DEBUG 10716 --- [my-test-app] [           main] com.zaxxer.hikari.HikariConfig           : catalog.........................none
2025-06-29T17:10:19.729+09:00 DEBUG 10716 --- [my-test-app] [           main] com.zaxxer.hikari.HikariConfig           : connectionInitSql...............none
2025-06-29T17:10:19.729+09:00 DEBUG 10716 --- [my-test-app] [           main] com.zaxxer.hikari.HikariConfig           : connectionTestQuery.............none
2025-06-29T17:10:19.730+09:00 DEBUG 10716 --- [my-test-app] [           main] com.zaxxer.hikari.HikariConfig           : connectionTimeout...............30000
2025-06-29T17:10:19.731+09:00 DEBUG 10716 --- [my-test-app] [           main] com.zaxxer.hikari.HikariConfig           : credentials.....................com.zaxxer.hikari.util.Credentials@19b75b2b
2025-06-29T17:10:19.732+09:00 DEBUG 10716 --- [my-test-app] [           main] com.zaxxer.hikari.HikariConfig           : dataSource......................none
2025-06-29T17:10:19.732+09:00 DEBUG 10716 --- [my-test-app] [           main] com.zaxxer.hikari.HikariConfig           : dataSourceClassName.............none
2025-06-29T17:10:19.732+09:00 DEBUG 10716 --- [my-test-app] [           main] com.zaxxer.hikari.HikariConfig           : dataSourceJNDI..................none
2025-06-29T17:10:19.733+09:00 DEBUG 10716 --- [my-test-app] [           main] com.zaxxer.hikari.HikariConfig           : dataSourceProperties............{password=<masked>}
2025-06-29T17:10:19.733+09:00 DEBUG 10716 --- [my-test-app] [           main] com.zaxxer.hikari.HikariConfig           : driverClassName................."com.mysql.cj.jdbc.Driver"
2025-06-29T17:10:19.733+09:00 DEBUG 10716 --- [my-test-app] [           main] com.zaxxer.hikari.HikariConfig           : exceptionOverride...............none
2025-06-29T17:10:19.734+09:00 DEBUG 10716 --- [my-test-app] [           main] com.zaxxer.hikari.HikariConfig           : exceptionOverrideClassName......none
2025-06-29T17:10:19.734+09:00 DEBUG 10716 --- [my-test-app] [           main] com.zaxxer.hikari.HikariConfig           : healthCheckProperties...........{}
2025-06-29T17:10:19.734+09:00 DEBUG 10716 --- [my-test-app] [           main] com.zaxxer.hikari.HikariConfig           : healthCheckRegistry.............none
2025-06-29T17:10:19.734+09:00 DEBUG 10716 --- [my-test-app] [           main] com.zaxxer.hikari.HikariConfig           : idleTimeout.....................600000
2025-06-29T17:10:19.734+09:00 DEBUG 10716 --- [my-test-app] [           main] com.zaxxer.hikari.HikariConfig           : initializationFailTimeout.......1
2025-06-29T17:10:19.735+09:00 DEBUG 10716 --- [my-test-app] [           main] com.zaxxer.hikari.HikariConfig           : isolateInternalQueries..........false
2025-06-29T17:10:19.737+09:00 DEBUG 10716 --- [my-test-app] [           main] com.zaxxer.hikari.HikariConfig           : jdbcUrl.........................jdbc:mysql://localhost:3306/ec_db?allowPublicKeyRetrieval=true&useSSL=false
2025-06-29T17:10:19.739+09:00 DEBUG 10716 --- [my-test-app] [           main] com.zaxxer.hikari.HikariConfig           : keepaliveTime...................120000
2025-06-29T17:10:19.739+09:00 DEBUG 10716 --- [my-test-app] [           main] com.zaxxer.hikari.HikariConfig           : leakDetectionThreshold..........0
2025-06-29T17:10:19.739+09:00 DEBUG 10716 --- [my-test-app] [           main] com.zaxxer.hikari.HikariConfig           : maxLifetime.....................1800000
2025-06-29T17:10:19.739+09:00 DEBUG 10716 --- [my-test-app] [           main] com.zaxxer.hikari.HikariConfig           : maximumPoolSize.................10
2025-06-29T17:10:19.741+09:00 DEBUG 10716 --- [my-test-app] [           main] com.zaxxer.hikari.HikariConfig           : metricRegistry..................none
2025-06-29T17:10:19.741+09:00 DEBUG 10716 --- [my-test-app] [           main] com.zaxxer.hikari.HikariConfig           : metricsTrackerFactory...........none
2025-06-29T17:10:19.741+09:00 DEBUG 10716 --- [my-test-app] [           main] com.zaxxer.hikari.HikariConfig           : minimumIdle.....................10
2025-06-29T17:10:19.741+09:00 DEBUG 10716 --- [my-test-app] [           main] com.zaxxer.hikari.HikariConfig           : password........................<masked>
2025-06-29T17:10:19.741+09:00 DEBUG 10716 --- [my-test-app] [           main] com.zaxxer.hikari.HikariConfig           : poolName........................"HikariPool-1"
2025-06-29T17:10:19.741+09:00 DEBUG 10716 --- [my-test-app] [           main] com.zaxxer.hikari.HikariConfig           : readOnly........................false
2025-06-29T17:10:19.742+09:00 DEBUG 10716 --- [my-test-app] [           main] com.zaxxer.hikari.HikariConfig           : registerMbeans..................false
2025-06-29T17:10:19.742+09:00 DEBUG 10716 --- [my-test-app] [           main] com.zaxxer.hikari.HikariConfig           : scheduledExecutor...............none
2025-06-29T17:10:19.742+09:00 DEBUG 10716 --- [my-test-app] [           main] com.zaxxer.hikari.HikariConfig           : schema..........................none
2025-06-29T17:10:19.742+09:00 DEBUG 10716 --- [my-test-app] [           main] com.zaxxer.hikari.HikariConfig           : threadFactory...................internal
2025-06-29T17:10:19.742+09:00 DEBUG 10716 --- [my-test-app] [           main] com.zaxxer.hikari.HikariConfig           : transactionIsolation............default
2025-06-29T17:10:19.743+09:00 DEBUG 10716 --- [my-test-app] [           main] com.zaxxer.hikari.HikariConfig           : username........................"adminuser"
2025-06-29T17:10:19.743+09:00 DEBUG 10716 --- [my-test-app] [           main] com.zaxxer.hikari.HikariConfig           : validationTimeout...............5000
2025-06-29T17:10:19.743+09:00  INFO 10716 --- [my-test-app] [           main] com.zaxxer.hikari.HikariDataSource       : HikariPool-1 - Starting...
2025-06-29T17:10:22.308+09:00 DEBUG 10716 --- [my-test-app] [           main] com.zaxxer.hikari.pool.PoolBase          : HikariPool-1 - Attempting to create/setup new connection (6d3e22b2-867f-453a-a0b2-c674c662633e)
2025-06-29T17:10:22.735+09:00 DEBUG 10716 --- [my-test-app] [           main] com.zaxxer.hikari.pool.PoolBase          : HikariPool-1 - Established new connection (6d3e22b2-867f-453a-a0b2-c674c662633e)
2025-06-29T17:10:22.736+09:00  INFO 10716 --- [my-test-app] [           main] com.zaxxer.hikari.pool.HikariPool        : HikariPool-1 - Added connection com.mysql.cj.jdbc.ConnectionImpl@63124022
2025-06-29T17:10:22.738+09:00  INFO 10716 --- [my-test-app] [           main] com.zaxxer.hikari.HikariDataSource       : HikariPool-1 - Start completed.
2025-06-29T17:10:22.763+09:00 DEBUG 10716 --- [my-test-app] [           main] o.s.b.f.s.DefaultListableBeanFactory     : Creating shared instance of singleton bean 'entityManagerFactory'
2025-06-29T17:10:22.763+09:00 DEBUG 10716 --- [my-test-app] [           main] o.s.b.f.s.DefaultListableBeanFactory     : Creating shared instance of singleton bean 'org.springframework.boot.autoconfigure.orm.jpa.HibernateJpaConfiguration'
2025-06-29T17:10:22.776+09:00 DEBUG 10716 --- [my-test-app] [           main] o.s.b.f.s.DefaultListableBeanFactory     : Creating shared instance of singleton bean 'spring.jpa-org.springframework.boot.autoconfigure.orm.jpa.JpaProperties'
2025-06-29T17:10:22.780+09:00 DEBUG 10716 --- [my-test-app] [           main] o.s.b.f.s.DefaultListableBeanFactory     : Creating shared instance of singleton bean 'spring.jpa.hibernate-org.springframework.boot.autoconfigure.orm.jpa.HibernateProperties'
2025-06-29T17:10:22.781+09:00 DEBUG 10716 --- [my-test-app] [           main] o.s.b.f.s.DefaultListableBeanFactory     : Autowiring by type from bean name 'org.springframework.boot.autoconfigure.orm.jpa.HibernateJpaConfiguration' via constructor to bean named 'dataSource'
2025-06-29T17:10:22.781+09:00 DEBUG 10716 --- [my-test-app] [           main] o.s.b.f.s.DefaultListableBeanFactory     : Autowiring by type from bean name 'org.springframework.boot.autoconfigure.orm.jpa.HibernateJpaConfiguration' via constructor to bean named 'spring.jpa-org.springframework.boot.autoconfigure.orm.jpa.JpaProperties'
2025-06-29T17:10:22.781+09:00 DEBUG 10716 --- [my-test-app] [           main] o.s.b.f.s.DefaultListableBeanFactory     : Autowiring by type from bean name 'org.springframework.boot.autoconfigure.orm.jpa.HibernateJpaConfiguration' via constructor to bean named 'org.springframework.beans.factory.support.DefaultListableBeanFactory@36361ddb'
2025-06-29T17:10:22.782+09:00 DEBUG 10716 --- [my-test-app] [           main] o.s.b.f.s.DefaultListableBeanFactory     : Autowiring by type from bean name 'org.springframework.boot.autoconfigure.orm.jpa.HibernateJpaConfiguration' via constructor to bean named 'spring.jpa.hibernate-org.springframework.boot.autoconfigure.orm.jpa.HibernateProperties'
2025-06-29T17:10:22.792+09:00 DEBUG 10716 --- [my-test-app] [           main] o.s.b.f.s.DefaultListableBeanFactory     : Creating shared instance of singleton bean 'hikariPoolDataSourceMetadataProvider'
2025-06-29T17:10:22.792+09:00 DEBUG 10716 --- [my-test-app] [           main] o.s.b.f.s.DefaultListableBeanFactory     : Creating shared instance of singleton bean 'org.springframework.boot.autoconfigure.jdbc.metadata.DataSourcePoolMetadataProvidersConfiguration$HikariPoolDataSourceMetadataProviderConfiguration'
2025-06-29T17:10:22.813+09:00 DEBUG 10716 --- [my-test-app] [           main] o.s.b.f.s.DefaultListableBeanFactory     : Creating shared instance of singleton bean 'entityManagerFactoryBuilder'
2025-06-29T17:10:22.831+09:00 DEBUG 10716 --- [my-test-app] [           main] o.s.b.f.s.DefaultListableBeanFactory     : Creating shared instance of singleton bean 'jpaVendorAdapter'
2025-06-29T17:10:22.845+09:00 DEBUG 10716 --- [my-test-app] [l-1:housekeeper] com.zaxxer.hikari.pool.HikariPool        : HikariPool-1 - Pool stats (total=1/10, idle=1/10, active=0, waiting=0)
2025-06-29T17:10:22.846+09:00 DEBUG 10716 --- [my-test-app] [onnection-adder] com.zaxxer.hikari.pool.PoolBase          : HikariPool-1 - Attempting to create/setup new connection (010fd2c5-b6e5-4994-9105-eacdf1d92950)
2025-06-29T17:10:22.851+09:00 DEBUG 10716 --- [my-test-app] [onnection-adder] com.zaxxer.hikari.pool.PoolBase          : HikariPool-1 - Established new connection (010fd2c5-b6e5-4994-9105-eacdf1d92950)
2025-06-29T17:10:22.851+09:00 DEBUG 10716 --- [my-test-app] [onnection-adder] com.zaxxer.hikari.pool.HikariPool        : HikariPool-1 - Added connection com.mysql.cj.jdbc.ConnectionImpl@353e3069
2025-06-29T17:10:22.882+09:00 DEBUG 10716 --- [my-test-app] [           main] o.s.b.f.s.DefaultListableBeanFactory     : Autowiring by type from bean name 'entityManagerFactoryBuilder' via factory method to bean named 'jpaVendorAdapter'
2025-06-29T17:10:22.885+09:00 DEBUG 10716 --- [my-test-app] [           main] o.s.b.f.s.DefaultListableBeanFactory     : Creating shared instance of singleton bean 'persistenceManagedTypes'
2025-06-29T17:10:22.886+09:00 DEBUG 10716 --- [my-test-app] [           main] o.s.b.f.s.DefaultListableBeanFactory     : Autowiring by type from bean name 'persistenceManagedTypes' via factory method to bean named 'org.springframework.beans.factory.support.DefaultListableBeanFactory@36361ddb'
2025-06-29T17:10:22.886+09:00 DEBUG 10716 --- [my-test-app] [           main] o.s.b.f.s.DefaultListableBeanFactory     : Autowiring by type from bean name 'persistenceManagedTypes' via factory method to bean named 'org.springframework.web.context.support.GenericWebApplicationContext@680362a'
2025-06-29T17:10:22.892+09:00 DEBUG 10716 --- [my-test-app] [onnection-adder] com.zaxxer.hikari.pool.HikariPool        : HikariPool-1 - After adding stats (total=2/10, idle=2/10, active=0, waiting=0)
2025-06-29T17:10:22.892+09:00 DEBUG 10716 --- [my-test-app] [onnection-adder] com.zaxxer.hikari.pool.PoolBase          : HikariPool-1 - Attempting to create/setup new connection (8656ed70-3852-482f-9474-4121cb9148db)
2025-06-29T17:10:22.897+09:00 DEBUG 10716 --- [my-test-app] [onnection-adder] com.zaxxer.hikari.pool.PoolBase          : HikariPool-1 - Established new connection (8656ed70-3852-482f-9474-4121cb9148db)
2025-06-29T17:10:22.897+09:00 DEBUG 10716 --- [my-test-app] [onnection-adder] com.zaxxer.hikari.pool.HikariPool        : HikariPool-1 - Added connection com.mysql.cj.jdbc.ConnectionImpl@1446f4d
2025-06-29T17:10:22.909+09:00 DEBUG 10716 --- [my-test-app] [           main] o.s.b.f.s.DefaultListableBeanFactory     : Autowiring by type from bean name 'entityManagerFactory' via factory method to bean named 'entityManagerFactoryBuilder'
2025-06-29T17:10:22.909+09:00 DEBUG 10716 --- [my-test-app] [           main] o.s.b.f.s.DefaultListableBeanFactory     : Autowiring by type from bean name 'entityManagerFactory' via factory method to bean named 'persistenceManagedTypes'
2025-06-29T17:10:22.939+09:00 DEBUG 10716 --- [my-test-app] [onnection-adder] com.zaxxer.hikari.pool.HikariPool        : HikariPool-1 - After adding stats (total=3/10, idle=3/10, active=0, waiting=0)
2025-06-29T17:10:22.939+09:00 DEBUG 10716 --- [my-test-app] [onnection-adder] com.zaxxer.hikari.pool.PoolBase          : HikariPool-1 - Attempting to create/setup new connection (4c489d9b-5d0c-493c-8cfb-7c28c29d236a)
2025-06-29T17:10:22.944+09:00 DEBUG 10716 --- [my-test-app] [onnection-adder] com.zaxxer.hikari.pool.PoolBase          : HikariPool-1 - Established new connection (4c489d9b-5d0c-493c-8cfb-7c28c29d236a)
2025-06-29T17:10:22.944+09:00 DEBUG 10716 --- [my-test-app] [onnection-adder] com.zaxxer.hikari.pool.HikariPool        : HikariPool-1 - Added connection com.mysql.cj.jdbc.ConnectionImpl@7910a1c7
2025-06-29T17:10:22.957+09:00 DEBUG 10716 --- [my-test-app] [           main] j.LocalContainerEntityManagerFactoryBean : Building JPA container EntityManagerFactory for persistence unit 'default'
2025-06-29T17:10:22.987+09:00 DEBUG 10716 --- [my-test-app] [onnection-adder] com.zaxxer.hikari.pool.HikariPool        : HikariPool-1 - After adding stats (total=4/10, idle=4/10, active=0, waiting=0)
2025-06-29T17:10:22.987+09:00 DEBUG 10716 --- [my-test-app] [onnection-adder] com.zaxxer.hikari.pool.PoolBase          : HikariPool-1 - Attempting to create/setup new connection (8c3ff5b5-64a9-423e-818f-3879354c45a1)
2025-06-29T17:10:22.990+09:00 DEBUG 10716 --- [my-test-app] [onnection-adder] com.zaxxer.hikari.pool.PoolBase          : HikariPool-1 - Established new connection (8c3ff5b5-64a9-423e-818f-3879354c45a1)
2025-06-29T17:10:22.992+09:00 DEBUG 10716 --- [my-test-app] [onnection-adder] com.zaxxer.hikari.pool.HikariPool        : HikariPool-1 - Added connection com.mysql.cj.jdbc.ConnectionImpl@3630fed2
2025-06-29T17:10:23.032+09:00 DEBUG 10716 --- [my-test-app] [onnection-adder] com.zaxxer.hikari.pool.HikariPool        : HikariPool-1 - After adding stats (total=5/10, idle=5/10, active=0, waiting=0)
2025-06-29T17:10:23.032+09:00 DEBUG 10716 --- [my-test-app] [onnection-adder] com.zaxxer.hikari.pool.PoolBase          : HikariPool-1 - Attempting to create/setup new connection (8c675b6f-daf6-48c1-a568-0824c19e2a8f)
2025-06-29T17:10:23.035+09:00 DEBUG 10716 --- [my-test-app] [onnection-adder] com.zaxxer.hikari.pool.PoolBase          : HikariPool-1 - Established new connection (8c675b6f-daf6-48c1-a568-0824c19e2a8f)
2025-06-29T17:10:23.035+09:00 DEBUG 10716 --- [my-test-app] [onnection-adder] com.zaxxer.hikari.pool.HikariPool        : HikariPool-1 - Added connection com.mysql.cj.jdbc.ConnectionImpl@621488fa
2025-06-29T17:10:23.079+09:00 DEBUG 10716 --- [my-test-app] [onnection-adder] com.zaxxer.hikari.pool.HikariPool        : HikariPool-1 - After adding stats (total=6/10, idle=6/10, active=0, waiting=0)
2025-06-29T17:10:23.079+09:00 DEBUG 10716 --- [my-test-app] [onnection-adder] com.zaxxer.hikari.pool.PoolBase          : HikariPool-1 - Attempting to create/setup new connection (b2d9909e-8f07-402b-b549-efad9c433a81)
2025-06-29T17:10:23.082+09:00 DEBUG 10716 --- [my-test-app] [onnection-adder] com.zaxxer.hikari.pool.PoolBase          : HikariPool-1 - Established new connection (b2d9909e-8f07-402b-b549-efad9c433a81)
2025-06-29T17:10:23.082+09:00 DEBUG 10716 --- [my-test-app] [onnection-adder] com.zaxxer.hikari.pool.HikariPool        : HikariPool-1 - Added connection com.mysql.cj.jdbc.ConnectionImpl@21150738
2025-06-29T17:10:23.126+09:00 DEBUG 10716 --- [my-test-app] [onnection-adder] com.zaxxer.hikari.pool.HikariPool        : HikariPool-1 - After adding stats (total=7/10, idle=7/10, active=0, waiting=0)
2025-06-29T17:10:23.126+09:00 DEBUG 10716 --- [my-test-app] [onnection-adder] com.zaxxer.hikari.pool.PoolBase          : HikariPool-1 - Attempting to create/setup new connection (955892ce-5af6-444f-8baa-a3fb95191dd7)
2025-06-29T17:10:23.130+09:00 DEBUG 10716 --- [my-test-app] [onnection-adder] com.zaxxer.hikari.pool.PoolBase          : HikariPool-1 - Established new connection (955892ce-5af6-444f-8baa-a3fb95191dd7)
2025-06-29T17:10:23.131+09:00 DEBUG 10716 --- [my-test-app] [onnection-adder] com.zaxxer.hikari.pool.HikariPool        : HikariPool-1 - Added connection com.mysql.cj.jdbc.ConnectionImpl@49bbd06b
2025-06-29T17:10:23.137+09:00 DEBUG 10716 --- [my-test-app] [           main] o.hibernate.jpa.internal.util.LogHelper  : PersistenceUnitInfo [
	name: default
	persistence provider classname: null
	classloader: jdk.internal.loader.ClassLoaders$AppClassLoader@6bc7c054
	excludeUnlistedClasses: true
	JTA datasource: null
	Non JTA datasource: HikariDataSource (HikariPool-1)
	Transaction type: RESOURCE_LOCAL
	PU root URL: file:/C:/Users/aki0g/Documents/%E3%81%BE%E3%81%A8%E3%82%81/%E5%8B%89%E5%BC%B7%E4%B8%AD/MySQL/%E6%BA%96%E5%82%99/my-test-app/my-test-app/target/test-classes/
	Shared Cache Mode: UNSPECIFIED
	Validation Mode: AUTO
	Jar files URLs []
	Managed classes names [
		com.example.my_test_app.model.Cart
		com.example.my_test_app.model.CartItem
		com.example.my_test_app.model.PasswordResetToken
		com.example.my_test_app.model.Product
		com.example.my_test_app.model.User]
	Mapping files names []
	Properties []
2025-06-29T17:10:23.145+09:00 DEBUG 10716 --- [my-test-app] [           main] o.h.i.internal.IntegratorServiceImpl     : Adding Integrator [org.hibernate.boot.beanvalidation.BeanValidationIntegrator].
2025-06-29T17:10:23.148+09:00 DEBUG 10716 --- [my-test-app] [           main] o.h.i.internal.IntegratorServiceImpl     : Adding Integrator [org.hibernate.cache.internal.CollectionCacheInvalidator].
2025-06-29T17:10:23.172+09:00 DEBUG 10716 --- [my-test-app] [onnection-adder] com.zaxxer.hikari.pool.HikariPool        : HikariPool-1 - After adding stats (total=8/10, idle=8/10, active=0, waiting=0)
2025-06-29T17:10:23.172+09:00 DEBUG 10716 --- [my-test-app] [onnection-adder] com.zaxxer.hikari.pool.PoolBase          : HikariPool-1 - Attempting to create/setup new connection (66beb140-da56-48b2-9f68-70696e77018e)
2025-06-29T17:10:23.176+09:00 DEBUG 10716 --- [my-test-app] [onnection-adder] com.zaxxer.hikari.pool.PoolBase          : HikariPool-1 - Established new connection (66beb140-da56-48b2-9f68-70696e77018e)
2025-06-29T17:10:23.177+09:00 DEBUG 10716 --- [my-test-app] [onnection-adder] com.zaxxer.hikari.pool.HikariPool        : HikariPool-1 - Added connection com.mysql.cj.jdbc.ConnectionImpl@45155840
2025-06-29T17:10:23.220+09:00 DEBUG 10716 --- [my-test-app] [onnection-adder] com.zaxxer.hikari.pool.HikariPool        : HikariPool-1 - After adding stats (total=9/10, idle=9/10, active=0, waiting=0)
2025-06-29T17:10:23.222+09:00 DEBUG 10716 --- [my-test-app] [onnection-adder] com.zaxxer.hikari.pool.PoolBase          : HikariPool-1 - Attempting to create/setup new connection (cda9d5e7-e75d-4bb3-8406-20b9f3479ab7)
2025-06-29T17:10:23.228+09:00 DEBUG 10716 --- [my-test-app] [onnection-adder] com.zaxxer.hikari.pool.PoolBase          : HikariPool-1 - Established new connection (cda9d5e7-e75d-4bb3-8406-20b9f3479ab7)
2025-06-29T17:10:23.228+09:00 DEBUG 10716 --- [my-test-app] [onnection-adder] com.zaxxer.hikari.pool.HikariPool        : HikariPool-1 - Added connection com.mysql.cj.jdbc.ConnectionImpl@2bbca285
2025-06-29T17:10:23.266+09:00 DEBUG 10716 --- [my-test-app] [onnection-adder] com.zaxxer.hikari.pool.HikariPool        : HikariPool-1 - After adding stats (total=10/10, idle=10/10, active=0, waiting=0)
2025-06-29T17:10:23.501+09:00  INFO 10716 --- [my-test-app] [           main] org.hibernate.Version                    : HHH000412: Hibernate ORM core version 6.6.15.Final
2025-06-29T17:10:23.502+09:00 DEBUG 10716 --- [my-test-app] [           main] org.hibernate.cfg.Environment            : HHH000206: 'hibernate.properties' not found
2025-06-29T17:10:23.552+09:00 DEBUG 10716 --- [my-test-app] [           main] org.hibernate.orm.idgen.factory          : Registering IdentifierGenerator strategy [uuid2] -> [org.hibernate.id.UUIDGenerator]
2025-06-29T17:10:23.553+09:00 DEBUG 10716 --- [my-test-app] [           main] org.hibernate.orm.idgen.factory          : Registering IdentifierGenerator strategy [guid] -> [org.hibernate.id.GUIDGenerator]
2025-06-29T17:10:23.554+09:00 DEBUG 10716 --- [my-test-app] [           main] org.hibernate.orm.idgen.factory          : Registering IdentifierGenerator strategy [uuid] -> [org.hibernate.id.UUIDHexGenerator]
2025-06-29T17:10:23.555+09:00 DEBUG 10716 --- [my-test-app] [           main] org.hibernate.orm.idgen.factory          : Registering IdentifierGenerator strategy [uuid.hex] -> [org.hibernate.id.UUIDHexGenerator]
2025-06-29T17:10:23.555+09:00 DEBUG 10716 --- [my-test-app] [           main] org.hibernate.orm.idgen.factory          : Registering IdentifierGenerator strategy [assigned] -> [org.hibernate.id.Assigned]
2025-06-29T17:10:23.557+09:00 DEBUG 10716 --- [my-test-app] [           main] org.hibernate.orm.idgen.factory          : Registering IdentifierGenerator strategy [identity] -> [org.hibernate.id.IdentityGenerator]
2025-06-29T17:10:23.557+09:00 DEBUG 10716 --- [my-test-app] [           main] org.hibernate.orm.idgen.factory          : Registering IdentifierGenerator strategy [select] -> [org.hibernate.id.SelectGenerator]
2025-06-29T17:10:23.558+09:00 DEBUG 10716 --- [my-test-app] [           main] org.hibernate.orm.idgen.factory          : Registering IdentifierGenerator strategy [sequence] -> [org.hibernate.id.enhanced.SequenceStyleGenerator]
2025-06-29T17:10:23.559+09:00 DEBUG 10716 --- [my-test-app] [           main] org.hibernate.orm.idgen.factory          : Registering IdentifierGenerator strategy [increment] -> [org.hibernate.id.IncrementGenerator]
2025-06-29T17:10:23.559+09:00 DEBUG 10716 --- [my-test-app] [           main] org.hibernate.orm.idgen.factory          : Registering IdentifierGenerator strategy [foreign] -> [org.hibernate.id.ForeignGenerator]
2025-06-29T17:10:23.559+09:00 DEBUG 10716 --- [my-test-app] [           main] org.hibernate.orm.idgen.factory          : Registering IdentifierGenerator strategy [enhanced-sequence] -> [org.hibernate.id.enhanced.SequenceStyleGenerator]
2025-06-29T17:10:23.560+09:00 DEBUG 10716 --- [my-test-app] [           main] org.hibernate.orm.idgen.factory          : Registering IdentifierGenerator strategy [enhanced-table] -> [org.hibernate.id.enhanced.TableGenerator]
2025-06-29T17:10:23.603+09:00 DEBUG 10716 --- [my-test-app] [           main] o.h.c.internal.RegionFactoryInitiator    : Cannot default RegionFactory based on registered strategies as `[]` RegionFactory strategies were registered
2025-06-29T17:10:23.603+09:00  INFO 10716 --- [my-test-app] [           main] o.h.c.internal.RegionFactoryInitiator    : HHH000026: Second-level cache disabled
2025-06-29T17:10:24.035+09:00 DEBUG 10716 --- [my-test-app] [           main] org.hibernate.type.BasicTypeRegistry     : Adding type registration boolean -> org.hibernate.type.BasicTypeReference@27dc335a
2025-06-29T17:10:24.035+09:00 DEBUG 10716 --- [my-test-app] [           main] org.hibernate.type.BasicTypeRegistry     : Adding type registration boolean -> org.hibernate.type.BasicTypeReference@27dc335a
2025-06-29T17:10:24.035+09:00 DEBUG 10716 --- [my-test-app] [           main] org.hibernate.type.BasicTypeRegistry     : Adding type registration java.lang.Boolean -> org.hibernate.type.BasicTypeReference@27dc335a
2025-06-29T17:10:24.035+09:00 DEBUG 10716 --- [my-test-app] [           main] org.hibernate.type.BasicTypeRegistry     : Adding type registration numeric_boolean -> org.hibernate.type.BasicTypeReference@a95cb11
2025-06-29T17:10:24.035+09:00 DEBUG 10716 --- [my-test-app] [           main] org.hibernate.type.BasicTypeRegistry     : Adding type registration org.hibernate.type.NumericBooleanConverter -> org.hibernate.type.BasicTypeReference@a95cb11
2025-06-29T17:10:24.035+09:00 DEBUG 10716 --- [my-test-app] [           main] org.hibernate.type.BasicTypeRegistry     : Adding type registration true_false -> org.hibernate.type.BasicTypeReference@915d7c4
2025-06-29T17:10:24.035+09:00 DEBUG 10716 --- [my-test-app] [           main] org.hibernate.type.BasicTypeRegistry     : Adding type registration org.hibernate.type.TrueFalseConverter -> org.hibernate.type.BasicTypeReference@915d7c4
2025-06-29T17:10:24.036+09:00 DEBUG 10716 --- [my-test-app] [           main] org.hibernate.type.BasicTypeRegistry     : Adding type registration yes_no -> org.hibernate.type.BasicTypeReference@2513155a
2025-06-29T17:10:24.036+09:00 DEBUG 10716 --- [my-test-app] [           main] org.hibernate.type.BasicTypeRegistry     : Adding type registration org.hibernate.type.YesNoConverter -> org.hibernate.type.BasicTypeReference@2513155a
2025-06-29T17:10:24.036+09:00 DEBUG 10716 --- [my-test-app] [           main] org.hibernate.type.BasicTypeRegistry     : Adding type registration byte -> org.hibernate.type.BasicTypeReference@6313b441
2025-06-29T17:10:24.036+09:00 DEBUG 10716 --- [my-test-app] [           main] org.hibernate.type.BasicTypeRegistry     : Adding type registration byte -> org.hibernate.type.BasicTypeReference@6313b441
2025-06-29T17:10:24.036+09:00 DEBUG 10716 --- [my-test-app] [           main] org.hibernate.type.BasicTypeRegistry     : Adding type registration java.lang.Byte -> org.hibernate.type.BasicTypeReference@6313b441
2025-06-29T17:10:24.036+09:00 DEBUG 10716 --- [my-test-app] [           main] org.hibernate.type.BasicTypeRegistry     : Adding type registration binary -> org.hibernate.type.BasicTypeReference@47fa3671
2025-06-29T17:10:24.036+09:00 DEBUG 10716 --- [my-test-app] [           main] org.hibernate.type.BasicTypeRegistry     : Adding type registration byte[] -> org.hibernate.type.BasicTypeReference@47fa3671
2025-06-29T17:10:24.036+09:00 DEBUG 10716 --- [my-test-app] [           main] org.hibernate.type.BasicTypeRegistry     : Adding type registration [B -> org.hibernate.type.BasicTypeReference@47fa3671
2025-06-29T17:10:24.036+09:00 DEBUG 10716 --- [my-test-app] [           main] org.hibernate.type.BasicTypeRegistry     : Adding type registration binary_wrapper -> org.hibernate.type.BasicTypeReference@60f662bd
2025-06-29T17:10:24.036+09:00 DEBUG 10716 --- [my-test-app] [           main] org.hibernate.type.BasicTypeRegistry     : Adding type registration wrapper-binary -> org.hibernate.type.BasicTypeReference@60f662bd
2025-06-29T17:10:24.036+09:00 DEBUG 10716 --- [my-test-app] [           main] org.hibernate.type.BasicTypeRegistry     : Adding type registration image -> org.hibernate.type.BasicTypeReference@5df2023c
2025-06-29T17:10:24.036+09:00 DEBUG 10716 --- [my-test-app] [           main] org.hibernate.type.BasicTypeRegistry     : Adding type registration blob -> org.hibernate.type.BasicTypeReference@23bd047f
2025-06-29T17:10:24.036+09:00 DEBUG 10716 --- [my-test-app] [           main] org.hibernate.type.BasicTypeRegistry     : Adding type registration java.sql.Blob -> org.hibernate.type.BasicTypeReference@23bd047f
2025-06-29T17:10:24.037+09:00 DEBUG 10716 --- [my-test-app] [           main] org.hibernate.type.BasicTypeRegistry     : Adding type registration materialized_blob -> org.hibernate.type.BasicTypeReference@3562e7c7
2025-06-29T17:10:24.037+09:00 DEBUG 10716 --- [my-test-app] [           main] org.hibernate.type.BasicTypeRegistry     : Adding type registration materialized_blob_wrapper -> org.hibernate.type.BasicTypeReference@66d2885c
2025-06-29T17:10:24.037+09:00 DEBUG 10716 --- [my-test-app] [           main] org.hibernate.type.BasicTypeRegistry     : Adding type registration short -> org.hibernate.type.BasicTypeReference@2bfc8558
2025-06-29T17:10:24.037+09:00 DEBUG 10716 --- [my-test-app] [           main] org.hibernate.type.BasicTypeRegistry     : Adding type registration short -> org.hibernate.type.BasicTypeReference@2bfc8558
2025-06-29T17:10:24.037+09:00 DEBUG 10716 --- [my-test-app] [           main] org.hibernate.type.BasicTypeRegistry     : Adding type registration java.lang.Short -> org.hibernate.type.BasicTypeReference@2bfc8558
2025-06-29T17:10:24.037+09:00 DEBUG 10716 --- [my-test-app] [           main] org.hibernate.type.BasicTypeRegistry     : Adding type registration integer -> org.hibernate.type.BasicTypeReference@6029f2a4
2025-06-29T17:10:24.037+09:00 DEBUG 10716 --- [my-test-app] [           main] org.hibernate.type.BasicTypeRegistry     : Adding type registration int -> org.hibernate.type.BasicTypeReference@6029f2a4
2025-06-29T17:10:24.037+09:00 DEBUG 10716 --- [my-test-app] [           main] org.hibernate.type.BasicTypeRegistry     : Adding type registration java.lang.Integer -> org.hibernate.type.BasicTypeReference@6029f2a4
2025-06-29T17:10:24.037+09:00 DEBUG 10716 --- [my-test-app] [           main] org.hibernate.type.BasicTypeRegistry     : Adding type registration long -> org.hibernate.type.BasicTypeReference@42576db9
2025-06-29T17:10:24.037+09:00 DEBUG 10716 --- [my-test-app] [           main] org.hibernate.type.BasicTypeRegistry     : Adding type registration long -> org.hibernate.type.BasicTypeReference@42576db9
2025-06-29T17:10:24.037+09:00 DEBUG 10716 --- [my-test-app] [           main] org.hibernate.type.BasicTypeRegistry     : Adding type registration java.lang.Long -> org.hibernate.type.BasicTypeReference@42576db9
2025-06-29T17:10:24.037+09:00 DEBUG 10716 --- [my-test-app] [           main] org.hibernate.type.BasicTypeRegistry     : Adding type registration float -> org.hibernate.type.BasicTypeReference@30358dc7
2025-06-29T17:10:24.038+09:00 DEBUG 10716 --- [my-test-app] [           main] org.hibernate.type.BasicTypeRegistry     : Adding type registration float -> org.hibernate.type.BasicTypeReference@30358dc7
2025-06-29T17:10:24.038+09:00 DEBUG 10716 --- [my-test-app] [           main] org.hibernate.type.BasicTypeRegistry     : Adding type registration java.lang.Float -> org.hibernate.type.BasicTypeReference@30358dc7
2025-06-29T17:10:24.038+09:00 DEBUG 10716 --- [my-test-app] [           main] org.hibernate.type.BasicTypeRegistry     : Adding type registration double -> org.hibernate.type.BasicTypeReference@7fac18dc
2025-06-29T17:10:24.038+09:00 DEBUG 10716 --- [my-test-app] [           main] org.hibernate.type.BasicTypeRegistry     : Adding type registration double -> org.hibernate.type.BasicTypeReference@7fac18dc
2025-06-29T17:10:24.039+09:00 DEBUG 10716 --- [my-test-app] [           main] org.hibernate.type.BasicTypeRegistry     : Adding type registration java.lang.Double -> org.hibernate.type.BasicTypeReference@7fac18dc
2025-06-29T17:10:24.039+09:00 DEBUG 10716 --- [my-test-app] [           main] org.hibernate.type.BasicTypeRegistry     : Adding type registration big_integer -> org.hibernate.type.BasicTypeReference@50bf795f
2025-06-29T17:10:24.039+09:00 DEBUG 10716 --- [my-test-app] [           main] org.hibernate.type.BasicTypeRegistry     : Adding type registration java.math.BigInteger -> org.hibernate.type.BasicTypeReference@50bf795f
2025-06-29T17:10:24.039+09:00 DEBUG 10716 --- [my-test-app] [           main] org.hibernate.type.BasicTypeRegistry     : Adding type registration big_decimal -> org.hibernate.type.BasicTypeReference@29fcfc54
2025-06-29T17:10:24.039+09:00 DEBUG 10716 --- [my-test-app] [           main] org.hibernate.type.BasicTypeRegistry     : Adding type registration java.math.BigDecimal -> org.hibernate.type.BasicTypeReference@29fcfc54
2025-06-29T17:10:24.039+09:00 DEBUG 10716 --- [my-test-app] [           main] org.hibernate.type.BasicTypeRegistry     : Adding type registration character -> org.hibernate.type.BasicTypeReference@353b0719
2025-06-29T17:10:24.039+09:00 DEBUG 10716 --- [my-test-app] [           main] org.hibernate.type.BasicTypeRegistry     : Adding type registration char -> org.hibernate.type.BasicTypeReference@353b0719
2025-06-29T17:10:24.039+09:00 DEBUG 10716 --- [my-test-app] [           main] org.hibernate.type.BasicTypeRegistry     : Adding type registration java.lang.Character -> org.hibernate.type.BasicTypeReference@353b0719
2025-06-29T17:10:24.039+09:00 DEBUG 10716 --- [my-test-app] [           main] org.hibernate.type.BasicTypeRegistry     : Adding type registration character_nchar -> org.hibernate.type.BasicTypeReference@2a4e939a
2025-06-29T17:10:24.039+09:00 DEBUG 10716 --- [my-test-app] [           main] org.hibernate.type.BasicTypeRegistry     : Adding type registration string -> org.hibernate.type.BasicTypeReference@110620d
2025-06-29T17:10:24.039+09:00 DEBUG 10716 --- [my-test-app] [           main] org.hibernate.type.BasicTypeRegistry     : Adding type registration java.lang.String -> org.hibernate.type.BasicTypeReference@110620d
2025-06-29T17:10:24.039+09:00 DEBUG 10716 --- [my-test-app] [           main] org.hibernate.type.BasicTypeRegistry     : Adding type registration nstring -> org.hibernate.type.BasicTypeReference@4f402027
2025-06-29T17:10:24.039+09:00 DEBUG 10716 --- [my-test-app] [           main] org.hibernate.type.BasicTypeRegistry     : Adding type registration characters -> org.hibernate.type.BasicTypeReference@22aee519
2025-06-29T17:10:24.040+09:00 DEBUG 10716 --- [my-test-app] [           main] org.hibernate.type.BasicTypeRegistry     : Adding type registration char[] -> org.hibernate.type.BasicTypeReference@22aee519
2025-06-29T17:10:24.040+09:00 DEBUG 10716 --- [my-test-app] [           main] org.hibernate.type.BasicTypeRegistry     : Adding type registration [C -> org.hibernate.type.BasicTypeReference@22aee519
2025-06-29T17:10:24.040+09:00 DEBUG 10716 --- [my-test-app] [           main] org.hibernate.type.BasicTypeRegistry     : Adding type registration wrapper-characters -> org.hibernate.type.BasicTypeReference@7c226095
2025-06-29T17:10:24.040+09:00 DEBUG 10716 --- [my-test-app] [           main] org.hibernate.type.BasicTypeRegistry     : Adding type registration text -> org.hibernate.type.BasicTypeReference@7ea07516
2025-06-29T17:10:24.040+09:00 DEBUG 10716 --- [my-test-app] [           main] org.hibernate.type.BasicTypeRegistry     : Adding type registration ntext -> org.hibernate.type.BasicTypeReference@30af23fd
2025-06-29T17:10:24.040+09:00 DEBUG 10716 --- [my-test-app] [           main] org.hibernate.type.BasicTypeRegistry     : Adding type registration clob -> org.hibernate.type.BasicTypeReference@65fc8edc
2025-06-29T17:10:24.040+09:00 DEBUG 10716 --- [my-test-app] [           main] org.hibernate.type.BasicTypeRegistry     : Adding type registration java.sql.Clob -> org.hibernate.type.BasicTypeReference@65fc8edc
2025-06-29T17:10:24.040+09:00 DEBUG 10716 --- [my-test-app] [           main] org.hibernate.type.BasicTypeRegistry     : Adding type registration nclob -> org.hibernate.type.BasicTypeReference@a357c3e
2025-06-29T17:10:24.040+09:00 DEBUG 10716 --- [my-test-app] [           main] org.hibernate.type.BasicTypeRegistry     : Adding type registration java.sql.NClob -> org.hibernate.type.BasicTypeReference@a357c3e
2025-06-29T17:10:24.040+09:00 DEBUG 10716 --- [my-test-app] [           main] org.hibernate.type.BasicTypeRegistry     : Adding type registration materialized_clob -> org.hibernate.type.BasicTypeReference@7740b0ab
2025-06-29T17:10:24.040+09:00 DEBUG 10716 --- [my-test-app] [           main] org.hibernate.type.BasicTypeRegistry     : Adding type registration materialized_clob_char_array -> org.hibernate.type.BasicTypeReference@3eb9c575
2025-06-29T17:10:24.040+09:00 DEBUG 10716 --- [my-test-app] [           main] org.hibernate.type.BasicTypeRegistry     : Adding type registration materialized_clob_character_array -> org.hibernate.type.BasicTypeReference@3f322610
2025-06-29T17:10:24.040+09:00 DEBUG 10716 --- [my-test-app] [           main] org.hibernate.type.BasicTypeRegistry     : Adding type registration materialized_nclob -> org.hibernate.type.BasicTypeReference@1e477944
2025-06-29T17:10:24.040+09:00 DEBUG 10716 --- [my-test-app] [           main] org.hibernate.type.BasicTypeRegistry     : Adding type registration materialized_nclob_character_array -> org.hibernate.type.BasicTypeReference@6cf047cf
2025-06-29T17:10:24.041+09:00 DEBUG 10716 --- [my-test-app] [           main] org.hibernate.type.BasicTypeRegistry     : Adding type registration materialized_nclob_char_array -> org.hibernate.type.BasicTypeReference@1c92a549
2025-06-29T17:10:24.041+09:00 DEBUG 10716 --- [my-test-app] [           main] org.hibernate.type.BasicTypeRegistry     : Adding type registration Duration -> org.hibernate.type.BasicTypeReference@323e026d
2025-06-29T17:10:24.041+09:00 DEBUG 10716 --- [my-test-app] [           main] org.hibernate.type.BasicTypeRegistry     : Adding type registration java.time.Duration -> org.hibernate.type.BasicTypeReference@323e026d
2025-06-29T17:10:24.041+09:00 DEBUG 10716 --- [my-test-app] [           main] org.hibernate.type.BasicTypeRegistry     : Adding type registration LocalDateTime -> org.hibernate.type.BasicTypeReference@1716c037
2025-06-29T17:10:24.041+09:00 DEBUG 10716 --- [my-test-app] [           main] org.hibernate.type.BasicTypeRegistry     : Adding type registration java.time.LocalDateTime -> org.hibernate.type.BasicTypeReference@1716c037
2025-06-29T17:10:24.041+09:00 DEBUG 10716 --- [my-test-app] [           main] org.hibernate.type.BasicTypeRegistry     : Adding type registration LocalDate -> org.hibernate.type.BasicTypeReference@79b63325
2025-06-29T17:10:24.041+09:00 DEBUG 10716 --- [my-test-app] [           main] org.hibernate.type.BasicTypeRegistry     : Adding type registration java.time.LocalDate -> org.hibernate.type.BasicTypeReference@79b63325
2025-06-29T17:10:24.041+09:00 DEBUG 10716 --- [my-test-app] [           main] org.hibernate.type.BasicTypeRegistry     : Adding type registration LocalTime -> org.hibernate.type.BasicTypeReference@708769b7
2025-06-29T17:10:24.041+09:00 DEBUG 10716 --- [my-test-app] [           main] org.hibernate.type.BasicTypeRegistry     : Adding type registration java.time.LocalTime -> org.hibernate.type.BasicTypeReference@708769b7
2025-06-29T17:10:24.041+09:00 DEBUG 10716 --- [my-test-app] [           main] org.hibernate.type.BasicTypeRegistry     : Adding type registration OffsetDateTime -> org.hibernate.type.BasicTypeReference@32e830a0
2025-06-29T17:10:24.041+09:00 DEBUG 10716 --- [my-test-app] [           main] org.hibernate.type.BasicTypeRegistry     : Adding type registration java.time.OffsetDateTime -> org.hibernate.type.BasicTypeReference@32e830a0
2025-06-29T17:10:24.041+09:00 DEBUG 10716 --- [my-test-app] [           main] org.hibernate.type.BasicTypeRegistry     : Adding type registration OffsetDateTimeWithTimezone -> org.hibernate.type.BasicTypeReference@135e49b2
2025-06-29T17:10:24.042+09:00 DEBUG 10716 --- [my-test-app] [           main] org.hibernate.type.BasicTypeRegistry     : Adding type registration OffsetDateTimeWithoutTimezone -> org.hibernate.type.BasicTypeReference@5bb97fe7
2025-06-29T17:10:24.042+09:00 DEBUG 10716 --- [my-test-app] [           main] org.hibernate.type.BasicTypeRegistry     : Adding type registration OffsetTime -> org.hibernate.type.BasicTypeReference@10b87ff6
2025-06-29T17:10:24.042+09:00 DEBUG 10716 --- [my-test-app] [           main] org.hibernate.type.BasicTypeRegistry     : Adding type registration java.time.OffsetTime -> org.hibernate.type.BasicTypeReference@10b87ff6
2025-06-29T17:10:24.042+09:00 DEBUG 10716 --- [my-test-app] [           main] org.hibernate.type.BasicTypeRegistry     : Adding type registration OffsetTimeUtc -> org.hibernate.type.BasicTypeReference@63262071
2025-06-29T17:10:24.042+09:00 DEBUG 10716 --- [my-test-app] [           main] org.hibernate.type.BasicTypeRegistry     : Adding type registration OffsetTimeWithTimezone -> org.hibernate.type.BasicTypeReference@2d4f67e
2025-06-29T17:10:24.042+09:00 DEBUG 10716 --- [my-test-app] [           main] org.hibernate.type.BasicTypeRegistry     : Adding type registration OffsetTimeWithoutTimezone -> org.hibernate.type.BasicTypeReference@1282f784
2025-06-29T17:10:24.042+09:00 DEBUG 10716 --- [my-test-app] [           main] org.hibernate.type.BasicTypeRegistry     : Adding type registration ZonedDateTime -> org.hibernate.type.BasicTypeReference@41167ded
2025-06-29T17:10:24.042+09:00 DEBUG 10716 --- [my-test-app] [           main] org.hibernate.type.BasicTypeRegistry     : Adding type registration java.time.ZonedDateTime -> org.hibernate.type.BasicTypeReference@41167ded
2025-06-29T17:10:24.042+09:00 DEBUG 10716 --- [my-test-app] [           main] org.hibernate.type.BasicTypeRegistry     : Adding type registration ZonedDateTimeWithTimezone -> org.hibernate.type.BasicTypeReference@13e1e816
2025-06-29T17:10:24.042+09:00 DEBUG 10716 --- [my-test-app] [           main] org.hibernate.type.BasicTypeRegistry     : Adding type registration ZonedDateTimeWithoutTimezone -> org.hibernate.type.BasicTypeReference@36238b12
2025-06-29T17:10:24.042+09:00 DEBUG 10716 --- [my-test-app] [           main] org.hibernate.type.BasicTypeRegistry     : Adding type registration date -> org.hibernate.type.BasicTypeReference@33187485
2025-06-29T17:10:24.042+09:00 DEBUG 10716 --- [my-test-app] [           main] org.hibernate.type.BasicTypeRegistry     : Adding type registration java.sql.Date -> org.hibernate.type.BasicTypeReference@33187485
2025-06-29T17:10:24.042+09:00 DEBUG 10716 --- [my-test-app] [           main] org.hibernate.type.BasicTypeRegistry     : Adding type registration time -> org.hibernate.type.BasicTypeReference@41938e1e
2025-06-29T17:10:24.042+09:00 DEBUG 10716 --- [my-test-app] [           main] org.hibernate.type.BasicTypeRegistry     : Adding type registration java.sql.Time -> org.hibernate.type.BasicTypeReference@41938e1e
2025-06-29T17:10:24.043+09:00 DEBUG 10716 --- [my-test-app] [           main] org.hibernate.type.BasicTypeRegistry     : Adding type registration timestamp -> org.hibernate.type.BasicTypeReference@5d2e6f62
2025-06-29T17:10:24.043+09:00 DEBUG 10716 --- [my-test-app] [           main] org.hibernate.type.BasicTypeRegistry     : Adding type registration java.sql.Timestamp -> org.hibernate.type.BasicTypeReference@5d2e6f62
2025-06-29T17:10:24.043+09:00 DEBUG 10716 --- [my-test-app] [           main] org.hibernate.type.BasicTypeRegistry     : Adding type registration java.util.Date -> org.hibernate.type.BasicTypeReference@5d2e6f62
2025-06-29T17:10:24.043+09:00 DEBUG 10716 --- [my-test-app] [           main] org.hibernate.type.BasicTypeRegistry     : Adding type registration calendar -> org.hibernate.type.BasicTypeReference@77ff14ce
2025-06-29T17:10:24.043+09:00 DEBUG 10716 --- [my-test-app] [           main] org.hibernate.type.BasicTypeRegistry     : Adding type registration java.util.Calendar -> org.hibernate.type.BasicTypeReference@77ff14ce
2025-06-29T17:10:24.043+09:00 DEBUG 10716 --- [my-test-app] [           main] org.hibernate.type.BasicTypeRegistry     : Adding type registration java.util.GregorianCalendar -> org.hibernate.type.BasicTypeReference@77ff14ce
2025-06-29T17:10:24.043+09:00 DEBUG 10716 --- [my-test-app] [           main] org.hibernate.type.BasicTypeRegistry     : Adding type registration calendar_date -> org.hibernate.type.BasicTypeReference@5a8d676e
2025-06-29T17:10:24.043+09:00 DEBUG 10716 --- [my-test-app] [           main] org.hibernate.type.BasicTypeRegistry     : Adding type registration calendar_time -> org.hibernate.type.BasicTypeReference@74764622
2025-06-29T17:10:24.043+09:00 DEBUG 10716 --- [my-test-app] [           main] org.hibernate.type.BasicTypeRegistry     : Adding type registration instant -> org.hibernate.type.BasicTypeReference@7ba06506
2025-06-29T17:10:24.043+09:00 DEBUG 10716 --- [my-test-app] [           main] org.hibernate.type.BasicTypeRegistry     : Adding type registration java.time.Instant -> org.hibernate.type.BasicTypeReference@7ba06506
2025-06-29T17:10:24.043+09:00 DEBUG 10716 --- [my-test-app] [           main] org.hibernate.type.BasicTypeRegistry     : Adding type registration uuid -> org.hibernate.type.BasicTypeReference@63dc3420
2025-06-29T17:10:24.044+09:00 DEBUG 10716 --- [my-test-app] [           main] org.hibernate.type.BasicTypeRegistry     : Adding type registration java.util.UUID -> org.hibernate.type.BasicTypeReference@63dc3420
2025-06-29T17:10:24.044+09:00 DEBUG 10716 --- [my-test-app] [           main] org.hibernate.type.BasicTypeRegistry     : Adding type registration pg-uuid -> org.hibernate.type.BasicTypeReference@63dc3420
2025-06-29T17:10:24.044+09:00 DEBUG 10716 --- [my-test-app] [           main] org.hibernate.type.BasicTypeRegistry     : Adding type registration uuid-binary -> org.hibernate.type.BasicTypeReference@525b8922
2025-06-29T17:10:24.044+09:00 DEBUG 10716 --- [my-test-app] [           main] org.hibernate.type.BasicTypeRegistry     : Adding type registration uuid-char -> org.hibernate.type.BasicTypeReference@145a821d
2025-06-29T17:10:24.044+09:00 DEBUG 10716 --- [my-test-app] [           main] org.hibernate.type.BasicTypeRegistry     : Adding type registration class -> org.hibernate.type.BasicTypeReference@6caa4dc5
2025-06-29T17:10:24.044+09:00 DEBUG 10716 --- [my-test-app] [           main] org.hibernate.type.BasicTypeRegistry     : Adding type registration java.lang.Class -> org.hibernate.type.BasicTypeReference@6caa4dc5
2025-06-29T17:10:24.044+09:00 DEBUG 10716 --- [my-test-app] [           main] org.hibernate.type.BasicTypeRegistry     : Adding type registration currency -> org.hibernate.type.BasicTypeReference@6ed51944
2025-06-29T17:10:24.044+09:00 DEBUG 10716 --- [my-test-app] [           main] org.hibernate.type.BasicTypeRegistry     : Adding type registration Currency -> org.hibernate.type.BasicTypeReference@6ed51944
2025-06-29T17:10:24.044+09:00 DEBUG 10716 --- [my-test-app] [           main] org.hibernate.type.BasicTypeRegistry     : Adding type registration java.util.Currency -> org.hibernate.type.BasicTypeReference@6ed51944
2025-06-29T17:10:24.044+09:00 DEBUG 10716 --- [my-test-app] [           main] org.hibernate.type.BasicTypeRegistry     : Adding type registration locale -> org.hibernate.type.BasicTypeReference@60c98f25
2025-06-29T17:10:24.045+09:00 DEBUG 10716 --- [my-test-app] [           main] org.hibernate.type.BasicTypeRegistry     : Adding type registration java.util.Locale -> org.hibernate.type.BasicTypeReference@60c98f25
2025-06-29T17:10:24.045+09:00 DEBUG 10716 --- [my-test-app] [           main] org.hibernate.type.BasicTypeRegistry     : Adding type registration serializable -> org.hibernate.type.BasicTypeReference@20c3b34b
2025-06-29T17:10:24.045+09:00 DEBUG 10716 --- [my-test-app] [           main] org.hibernate.type.BasicTypeRegistry     : Adding type registration java.io.Serializable -> org.hibernate.type.BasicTypeReference@20c3b34b
2025-06-29T17:10:24.045+09:00 DEBUG 10716 --- [my-test-app] [           main] org.hibernate.type.BasicTypeRegistry     : Adding type registration timezone -> org.hibernate.type.BasicTypeReference@1eb906f3
2025-06-29T17:10:24.045+09:00 DEBUG 10716 --- [my-test-app] [           main] org.hibernate.type.BasicTypeRegistry     : Adding type registration java.util.TimeZone -> org.hibernate.type.BasicTypeReference@1eb906f3
2025-06-29T17:10:24.045+09:00 DEBUG 10716 --- [my-test-app] [           main] org.hibernate.type.BasicTypeRegistry     : Adding type registration ZoneOffset -> org.hibernate.type.BasicTypeReference@58e02359
2025-06-29T17:10:24.045+09:00 DEBUG 10716 --- [my-test-app] [           main] org.hibernate.type.BasicTypeRegistry     : Adding type registration java.time.ZoneOffset -> org.hibernate.type.BasicTypeReference@58e02359
2025-06-29T17:10:24.045+09:00 DEBUG 10716 --- [my-test-app] [           main] org.hibernate.type.BasicTypeRegistry     : Adding type registration url -> org.hibernate.type.BasicTypeReference@74fc3fc7
2025-06-29T17:10:24.045+09:00 DEBUG 10716 --- [my-test-app] [           main] org.hibernate.type.BasicTypeRegistry     : Adding type registration java.net.URL -> org.hibernate.type.BasicTypeReference@74fc3fc7
2025-06-29T17:10:24.045+09:00 DEBUG 10716 --- [my-test-app] [           main] org.hibernate.type.BasicTypeRegistry     : Adding type registration vector -> org.hibernate.type.BasicTypeReference@491893f8
2025-06-29T17:10:24.045+09:00 DEBUG 10716 --- [my-test-app] [           main] org.hibernate.type.BasicTypeRegistry     : Adding type registration float_vector -> org.hibernate.type.BasicTypeReference@1f408ab6
2025-06-29T17:10:24.045+09:00 DEBUG 10716 --- [my-test-app] [           main] org.hibernate.type.BasicTypeRegistry     : Adding type registration double_vector -> org.hibernate.type.BasicTypeReference@46e388ec
2025-06-29T17:10:24.045+09:00 DEBUG 10716 --- [my-test-app] [           main] org.hibernate.type.BasicTypeRegistry     : Adding type registration byte_vector -> org.hibernate.type.BasicTypeReference@53f495f0
2025-06-29T17:10:24.045+09:00 DEBUG 10716 --- [my-test-app] [           main] org.hibernate.type.BasicTypeRegistry     : Adding type registration row_version -> org.hibernate.type.BasicTypeReference@5efe5b25
2025-06-29T17:10:24.053+09:00 DEBUG 10716 --- [my-test-app] [           main] org.hibernate.type.BasicTypeRegistry     : Adding type registration object -> org.hibernate.type.JavaObjectType@4070ace9
2025-06-29T17:10:24.053+09:00 DEBUG 10716 --- [my-test-app] [           main] org.hibernate.type.BasicTypeRegistry     : Adding type registration java.lang.Object -> org.hibernate.type.JavaObjectType@4070ace9
2025-06-29T17:10:24.055+09:00 DEBUG 10716 --- [my-test-app] [           main] org.hibernate.type.BasicTypeRegistry     : Adding type registration null -> org.hibernate.type.NullType@483b7dc4
2025-06-29T17:10:24.056+09:00 DEBUG 10716 --- [my-test-app] [           main] org.hibernate.type.BasicTypeRegistry     : Adding type registration imm_date -> org.hibernate.type.BasicTypeReference@6b8bdcc6
2025-06-29T17:10:24.056+09:00 DEBUG 10716 --- [my-test-app] [           main] org.hibernate.type.BasicTypeRegistry     : Adding type registration imm_time -> org.hibernate.type.BasicTypeReference@213835b6
2025-06-29T17:10:24.056+09:00 DEBUG 10716 --- [my-test-app] [           main] org.hibernate.type.BasicTypeRegistry     : Adding type registration imm_timestamp -> org.hibernate.type.BasicTypeReference@24a3d414
2025-06-29T17:10:24.056+09:00 DEBUG 10716 --- [my-test-app] [           main] org.hibernate.type.BasicTypeRegistry     : Adding type registration imm_calendar -> org.hibernate.type.BasicTypeReference@37e55819
2025-06-29T17:10:24.056+09:00 DEBUG 10716 --- [my-test-app] [           main] org.hibernate.type.BasicTypeRegistry     : Adding type registration imm_calendar_date -> org.hibernate.type.BasicTypeReference@2bdcfcf
2025-06-29T17:10:24.056+09:00 DEBUG 10716 --- [my-test-app] [           main] org.hibernate.type.BasicTypeRegistry     : Adding type registration imm_calendar_time -> org.hibernate.type.BasicTypeReference@6248cfab
2025-06-29T17:10:24.056+09:00 DEBUG 10716 --- [my-test-app] [           main] org.hibernate.type.BasicTypeRegistry     : Adding type registration imm_binary -> org.hibernate.type.BasicTypeReference@5871a482
2025-06-29T17:10:24.056+09:00 DEBUG 10716 --- [my-test-app] [           main] org.hibernate.type.BasicTypeRegistry     : Adding type registration imm_serializable -> org.hibernate.type.BasicTypeReference@45c90a05
2025-06-29T17:10:24.077+09:00 DEBUG 10716 --- [my-test-app] [           main] o.h.boot.internal.BootstrapContextImpl   : Injecting JPA temp ClassLoader [org.springframework.instrument.classloading.SimpleThrowawayClassLoader@6fced25c] into BootstrapContext; was [null]
[...]
      Matched:
         - @ConditionalOnClass found required classes 'javax.sql.DataSource', 'jakarta.transaction.TransactionManager', 'org.springframework.jdbc.datasource.embedded.EmbeddedDatabaseType' (OnClassCondition)


Exclusions:
-----------

    None


Unconditional classes:
----------------------

    org.springframework.boot.autoconfigure.context.ConfigurationPropertiesAutoConfiguration

    org.springframework.boot.autoconfigure.ssl.SslAutoConfiguration

    org.springframework.boot.autoconfigure.context.LifecycleAutoConfiguration

    org.springframework.boot.autoconfigure.context.PropertyPlaceholderAutoConfiguration

    org.springframework.boot.autoconfigure.availability.ApplicationAvailabilityAutoConfiguration

    org.springframework.boot.autoconfigure.info.ProjectInfoAutoConfiguration



2025-06-29T17:10:30.446+09:00  INFO 10716 --- [my-test-app] [           main] c.e.m.MyTestAppApplicationTests          : Started MyTestAppApplicationTests in 15.737 seconds (process running for 17.801)
2025-06-29T17:10:30.448+09:00 DEBUG 10716 --- [my-test-app] [           main] o.s.b.a.ApplicationAvailabilityBean      : Application availability state LivenessState changed to CORRECT
2025-06-29T17:10:30.451+09:00 DEBUG 10716 --- [my-test-app] [           main] o.s.b.a.ApplicationAvailabilityBean      : Application availability state ReadinessState changed to ACCEPTING_TRAFFIC
2025-06-29T17:10:30.453+09:00 DEBUG 10716 --- [my-test-app] [           main] org.springframework.test.context.cache   : Spring test ApplicationContext cache statistics: [DefaultContextCache@6174ff60 size = 1, maxSize = 32, parentContextCount = 0, hitCount = 0, missCount = 1, failureCount = 0]
2025-06-29T17:10:30.453+09:00 DEBUG 10716 --- [my-test-app] [           main] o.s.t.c.w.ServletTestExecutionListener   : Setting up MockHttpServletRequest, MockHttpServletResponse, ServletWebRequest, and RequestContextHolder for test class com.example.my_test_app.MyTestAppApplicationTests
2025-06-29T17:10:30.470+09:00 DEBUG 10716 --- [my-test-app] [           main] DependencyInjectionTestExecutionListener : Performing dependency injection for test class com.example.my_test_app.MyTestAppApplicationTests
2025-06-29T17:10:30.471+09:00 DEBUG 10716 --- [my-test-app] [           main] org.springframework.test.context.cache   : Spring test ApplicationContext cache statistics: [DefaultContextCache@6174ff60 size = 1, maxSize = 32, parentContextCount = 0, hitCount = 1, missCount = 1, failureCount = 0]
2025-06-29T17:10:30.472+09:00 DEBUG 10716 --- [my-test-app] [           main] org.springframework.test.context.cache   : Spring test ApplicationContext cache statistics: [DefaultContextCache@6174ff60 size = 1, maxSize = 32, parentContextCount = 0, hitCount = 2, missCount = 1, failureCount = 0]
2025-06-29T17:10:30.476+09:00 DEBUG 10716 --- [my-test-app] [           main] sContextBeforeModesTestExecutionListener : Before test method: class [MyTestAppApplicationTests], method [contextLoads], class annotated with @DirtiesContext [false] with mode [null], method annotated with @DirtiesContext [false] with mode [null]
2025-06-29T17:10:30.478+09:00 DEBUG 10716 --- [my-test-app] [           main] org.springframework.test.context.cache   : Spring test ApplicationContext cache statistics: [DefaultContextCache@6174ff60 size = 1, maxSize = 32, parentContextCount = 0, hitCount = 3, missCount = 1, failureCount = 0]
2025-06-29T17:10:30.540+09:00 DEBUG 10716 --- [my-test-app] [           main] java.lang.ProcessBuilder                 : ProcessBuilder.start(): pid: 18884, dir: null, cmd: "C:\Program Files\Eclipse Adoptium\jdk-21.0.7.6-hotspot\bin\java.exe"

java.lang.RuntimeException: ProcessBuilder.start() debug
	at java.base/java.lang.ProcessBuilder.start(ProcessBuilder.java:1147) ~[na:na]
	at java.base/java.lang.ProcessBuilder.start(ProcessBuilder.java:1089) ~[na:na]
	at net.bytebuddy.agent.ByteBuddyAgent.installExternal(ByteBuddyAgent.java:671) ~[byte-buddy-agent-1.17.5.jar:na]
	at net.bytebuddy.agent.ByteBuddyAgent.install(ByteBuddyAgent.java:599) ~[byte-buddy-agent-1.17.5.jar:na]
	at net.bytebuddy.agent.ByteBuddyAgent.install(ByteBuddyAgent.java:579) ~[byte-buddy-agent-1.17.5.jar:na]
	at net.bytebuddy.agent.ByteBuddyAgent.install(ByteBuddyAgent.java:531) ~[byte-buddy-agent-1.17.5.jar:na]
	at net.bytebuddy.agent.ByteBuddyAgent.install(ByteBuddyAgent.java:508) ~[byte-buddy-agent-1.17.5.jar:na]
	at org.mockito.internal.PremainAttachAccess.getInstrumentation(PremainAttachAccess.java:80) ~[mockito-core-5.17.0.jar:na]
	at org.mockito.internal.creation.bytebuddy.InlineDelegateByteBuddyMockMaker.<clinit>(InlineDelegateByteBuddyMockMaker.java:138) ~[mockito-core-5.17.0.jar:na]
	at org.mockito.internal.creation.bytebuddy.InlineByteBuddyMockMaker.<init>(InlineByteBuddyMockMaker.java:23) ~[mockito-core-5.17.0.jar:na]
	at java.base/jdk.internal.reflect.DirectConstructorHandleAccessor.newInstance(DirectConstructorHandleAccessor.java:62) ~[na:na]
	at java.base/java.lang.reflect.Constructor.newInstanceWithCaller(Constructor.java:502) ~[na:na]
	at java.base/java.lang.reflect.Constructor.newInstance(Constructor.java:486) ~[na:na]
	at org.mockito.internal.configuration.plugins.DefaultMockitoPlugins.create(DefaultMockitoPlugins.java:103) ~[mockito-core-5.17.0.jar:na]
	at org.mockito.internal.configuration.plugins.DefaultMockitoPlugins.getDefaultPlugin(DefaultMockitoPlugins.java:79) ~[mockito-core-5.17.0.jar:na]
	at org.mockito.internal.configuration.plugins.PluginLoader.loadPlugin(PluginLoader.java:75) ~[mockito-core-5.17.0.jar:na]
	at org.mockito.internal.configuration.plugins.PluginLoader.loadPlugin(PluginLoader.java:49) ~[mockito-core-5.17.0.jar:na]
	at org.mockito.internal.configuration.plugins.PluginRegistry.<init>(PluginRegistry.java:29) ~[mockito-core-5.17.0.jar:na]
	at org.mockito.internal.configuration.plugins.Plugins.<clinit>(Plugins.java:26) ~[mockito-core-5.17.0.jar:na]
	at org.mockito.internal.MockitoCore.<clinit>(MockitoCore.java:71) ~[mockito-core-5.17.0.jar:na]
	at org.mockito.Mockito.<clinit>(Mockito.java:1777) ~[mockito-core-5.17.0.jar:na]
	at org.springframework.test.context.bean.override.mockito.MockitoResetTestExecutionListener.isEnabled(MockitoResetTestExecutionListener.java:176) ~[spring-test-6.2.7.jar:6.2.7]
	at org.springframework.test.context.bean.override.mockito.MockitoResetTestExecutionListener.beforeTestMethod(MockitoResetTestExecutionListener.java:96) ~[spring-test-6.2.7.jar:6.2.7]
	at org.springframework.test.context.TestContextManager.beforeTestMethod(TestContextManager.java:320) ~[spring-test-6.2.7.jar:6.2.7]
	at org.springframework.test.context.junit.jupiter.SpringExtension.beforeEach(SpringExtension.java:236) ~[spring-test-6.2.7.jar:6.2.7]
	at org.junit.jupiter.engine.descriptor.TestMethodTestDescriptor.lambda$invokeBeforeEachCallbacks$2(TestMethodTestDescriptor.java:165) ~[junit-jupiter-engine-5.12.2.jar:5.12.2]
	at org.junit.jupiter.engine.descriptor.TestMethodTestDescriptor.lambda$invokeBeforeMethodsOrCallbacksUntilExceptionOccurs$6(TestMethodTestDescriptor.java:201) ~[junit-jupiter-engine-5.12.2.jar:5.12.2]
	at org.junit.platform.engine.support.hierarchical.ThrowableCollector.execute(ThrowableCollector.java:73) ~[junit-platform-engine-1.12.2.jar:1.12.2]
	at org.junit.jupiter.engine.descriptor.TestMethodTestDescriptor.invokeBeforeMethodsOrCallbacksUntilExceptionOccurs(TestMethodTestDescriptor.java:201) ~[junit-jupiter-engine-5.12.2.jar:5.12.2]
	at org.junit.jupiter.engine.descriptor.TestMethodTestDescriptor.invokeBeforeEachCallbacks(TestMethodTestDescriptor.java:164) ~[junit-jupiter-engine-5.12.2.jar:5.12.2]
	at org.junit.jupiter.engine.descriptor.TestMethodTestDescriptor.execute(TestMethodTestDescriptor.java:131) ~[junit-jupiter-engine-5.12.2.jar:5.12.2]
	at org.junit.jupiter.engine.descriptor.TestMethodTestDescriptor.execute(TestMethodTestDescriptor.java:69) ~[junit-jupiter-engine-5.12.2.jar:5.12.2]
	at org.junit.platform.engine.support.hierarchical.NodeTestTask.lambda$executeRecursively$6(NodeTestTask.java:156) ~[junit-platform-engine-1.12.2.jar:1.12.2]
	at org.junit.platform.engine.support.hierarchical.ThrowableCollector.execute(ThrowableCollector.java:73) ~[junit-platform-engine-1.12.2.jar:1.12.2]
	at org.junit.platform.engine.support.hierarchical.NodeTestTask.lambda$executeRecursively$8(NodeTestTask.java:146) ~[junit-platform-engine-1.12.2.jar:1.12.2]
	at org.junit.platform.engine.support.hierarchical.Node.around(Node.java:137) ~[junit-platform-engine-1.12.2.jar:1.12.2]
	at org.junit.platform.engine.support.hierarchical.NodeTestTask.lambda$executeRecursively$9(NodeTestTask.java:144) ~[junit-platform-engine-1.12.2.jar:1.12.2]
	at org.junit.platform.engine.support.hierarchical.ThrowableCollector.execute(ThrowableCollector.java:73) ~[junit-platform-engine-1.12.2.jar:1.12.2]
	at org.junit.platform.engine.support.hierarchical.NodeTestTask.executeRecursively(NodeTestTask.java:143) ~[junit-platform-engine-1.12.2.jar:1.12.2]
	at org.junit.platform.engine.support.hierarchical.NodeTestTask.execute(NodeTestTask.java:100) ~[junit-platform-engine-1.12.2.jar:1.12.2]
	at java.base/java.util.ArrayList.forEach(ArrayList.java:1596) ~[na:na]
	at org.junit.platform.engine.support.hierarchical.SameThreadHierarchicalTestExecutorService.invokeAll(SameThreadHierarchicalTestExecutorService.java:41) ~[junit-platform-engine-1.12.2.jar:1.12.2]
	at org.junit.platform.engine.support.hierarchical.NodeTestTask.lambda$executeRecursively$6(NodeTestTask.java:160) ~[junit-platform-engine-1.12.2.jar:1.12.2]
	at org.junit.platform.engine.support.hierarchical.ThrowableCollector.execute(ThrowableCollector.java:73) ~[junit-platform-engine-1.12.2.jar:1.12.2]
	at org.junit.platform.engine.support.hierarchical.NodeTestTask.lambda$executeRecursively$8(NodeTestTask.java:146) ~[junit-platform-engine-1.12.2.jar:1.12.2]
	at org.junit.platform.engine.support.hierarchical.Node.around(Node.java:137) ~[junit-platform-engine-1.12.2.jar:1.12.2]
	at org.junit.platform.engine.support.hierarchical.NodeTestTask.lambda$executeRecursively$9(NodeTestTask.java:144) ~[junit-platform-engine-1.12.2.jar:1.12.2]
	at org.junit.platform.engine.support.hierarchical.ThrowableCollector.execute(ThrowableCollector.java:73) ~[junit-platform-engine-1.12.2.jar:1.12.2]
	at org.junit.platform.engine.support.hierarchical.NodeTestTask.executeRecursively(NodeTestTask.java:143) ~[junit-platform-engine-1.12.2.jar:1.12.2]
	at org.junit.platform.engine.support.hierarchical.NodeTestTask.execute(NodeTestTask.java:100) ~[junit-platform-engine-1.12.2.jar:1.12.2]
	at java.base/java.util.ArrayList.forEach(ArrayList.java:1596) ~[na:na]
	at org.junit.platform.engine.support.hierarchical.SameThreadHierarchicalTestExecutorService.invokeAll(SameThreadHierarchicalTestExecutorService.java:41) ~[junit-platform-engine-1.12.2.jar:1.12.2]
	at org.junit.platform.engine.support.hierarchical.NodeTestTask.lambda$executeRecursively$6(NodeTestTask.java:160) ~[junit-platform-engine-1.12.2.jar:1.12.2]
	at org.junit.platform.engine.support.hierarchical.ThrowableCollector.execute(ThrowableCollector.java:73) ~[junit-platform-engine-1.12.2.jar:1.12.2]
	at org.junit.platform.engine.support.hierarchical.NodeTestTask.lambda$executeRecursively$8(NodeTestTask.java:146) ~[junit-platform-engine-1.12.2.jar:1.12.2]
	at org.junit.platform.engine.support.hierarchical.Node.around(Node.java:137) ~[junit-platform-engine-1.12.2.jar:1.12.2]
	at org.junit.platform.engine.support.hierarchical.NodeTestTask.lambda$executeRecursively$9(NodeTestTask.java:144) ~[junit-platform-engine-1.12.2.jar:1.12.2]
	at org.junit.platform.engine.support.hierarchical.ThrowableCollector.execute(ThrowableCollector.java:73) ~[junit-platform-engine-1.12.2.jar:1.12.2]
	at org.junit.platform.engine.support.hierarchical.NodeTestTask.executeRecursively(NodeTestTask.java:143) ~[junit-platform-engine-1.12.2.jar:1.12.2]
	at org.junit.platform.engine.support.hierarchical.NodeTestTask.execute(NodeTestTask.java:100) ~[junit-platform-engine-1.12.2.jar:1.12.2]
	at org.junit.platform.engine.support.hierarchical.SameThreadHierarchicalTestExecutorService.submit(SameThreadHierarchicalTestExecutorService.java:35) ~[junit-platform-engine-1.12.2.jar:1.12.2]
	at org.junit.platform.engine.support.hierarchical.HierarchicalTestExecutor.execute(HierarchicalTestExecutor.java:57) ~[junit-platform-engine-1.12.2.jar:1.12.2]
	at org.junit.platform.engine.support.hierarchical.HierarchicalTestEngine.execute(HierarchicalTestEngine.java:54) ~[junit-platform-engine-1.12.2.jar:1.12.2]
	at org.junit.platform.launcher.core.EngineExecutionOrchestrator.execute(EngineExecutionOrchestrator.java:201) ~[junit-platform-launcher-1.12.2.jar:1.12.2]
	at org.junit.platform.launcher.core.EngineExecutionOrchestrator.execute(EngineExecutionOrchestrator.java:170) ~[junit-platform-launcher-1.12.2.jar:1.12.2]
	at org.junit.platform.launcher.core.EngineExecutionOrchestrator.execute(EngineExecutionOrchestrator.java:94) ~[junit-platform-launcher-1.12.2.jar:1.12.2]
	at org.junit.platform.launcher.core.EngineExecutionOrchestrator.lambda$execute$0(EngineExecutionOrchestrator.java:59) ~[junit-platform-launcher-1.12.2.jar:1.12.2]
	at org.junit.platform.launcher.core.EngineExecutionOrchestrator.withInterceptedStreams(EngineExecutionOrchestrator.java:142) ~[junit-platform-launcher-1.12.2.jar:1.12.2]
	at org.junit.platform.launcher.core.EngineExecutionOrchestrator.execute(EngineExecutionOrchestrator.java:58) ~[junit-platform-launcher-1.12.2.jar:1.12.2]
	at org.junit.platform.launcher.core.DefaultLauncher.execute(DefaultLauncher.java:103) ~[junit-platform-launcher-1.12.2.jar:1.12.2]
	at org.junit.platform.launcher.core.DefaultLauncher.execute(DefaultLauncher.java:85) ~[junit-platform-launcher-1.12.2.jar:1.12.2]
	at org.junit.platform.launcher.core.DelegatingLauncher.execute(DelegatingLauncher.java:47) ~[junit-platform-launcher-1.12.2.jar:1.12.2]
	at org.junit.platform.launcher.core.InterceptingLauncher.lambda$execute$1(InterceptingLauncher.java:39) ~[junit-platform-launcher-1.12.2.jar:1.12.2]
	at org.junit.platform.launcher.core.ClasspathAlignmentCheckingLauncherInterceptor.intercept(ClasspathAlignmentCheckingLauncherInterceptor.java:25) ~[junit-platform-launcher-1.12.2.jar:1.12.2]
	at org.junit.platform.launcher.core.InterceptingLauncher.execute(InterceptingLauncher.java:38) ~[junit-platform-launcher-1.12.2.jar:1.12.2]
	at org.junit.platform.launcher.core.DelegatingLauncher.execute(DelegatingLauncher.java:47) ~[junit-platform-launcher-1.12.2.jar:1.12.2]
	at org.apache.maven.surefire.junitplatform.LazyLauncher.execute(LazyLauncher.java:56) ~[surefire-junit-platform-3.5.3.jar:3.5.3]
	at org.apache.maven.surefire.junitplatform.JUnitPlatformProvider.execute(JUnitPlatformProvider.java:194) ~[surefire-junit-platform-3.5.3.jar:3.5.3]
	at org.apache.maven.surefire.junitplatform.JUnitPlatformProvider.invokeAllTests(JUnitPlatformProvider.java:150) ~[surefire-junit-platform-3.5.3.jar:3.5.3]
	at org.apache.maven.surefire.junitplatform.JUnitPlatformProvider.invoke(JUnitPlatformProvider.java:124) ~[surefire-junit-platform-3.5.3.jar:3.5.3]
	at org.apache.maven.surefire.booter.ForkedBooter.runSuitesInProcess(ForkedBooter.java:385) ~[surefire-booter-3.5.3.jar:3.5.3]
	at org.apache.maven.surefire.booter.ForkedBooter.execute(ForkedBooter.java:162) ~[surefire-booter-3.5.3.jar:3.5.3]
	at org.apache.maven.surefire.booter.ForkedBooter.run(ForkedBooter.java:507) ~[surefire-booter-3.5.3.jar:3.5.3]
	at org.apache.maven.surefire.booter.ForkedBooter.main(ForkedBooter.java:495) ~[surefire-booter-3.5.3.jar:3.5.3]

2025-06-29T17:10:31.915+09:00 DEBUG 10716 --- [my-test-app] [           main] org.springframework.test.context.cache   : Spring test ApplicationContext cache statistics: [DefaultContextCache@6174ff60 size = 1, maxSize = 32, parentContextCount = 0, hitCount = 4, missCount = 1, failureCount = 0]
2025-06-29T17:10:31.917+09:00 DEBUG 10716 --- [my-test-app] [           main] org.springframework.test.context.cache   : Spring test ApplicationContext cache statistics: [DefaultContextCache@6174ff60 size = 1, maxSize = 32, parentContextCount = 0, hitCount = 5, missCount = 1, failureCount = 0]
2025-06-29T17:10:31.920+09:00 DEBUG 10716 --- [my-test-app] [           main] org.springframework.test.context.cache   : Spring test ApplicationContext cache statistics: [DefaultContextCache@6174ff60 size = 1, maxSize = 32, parentContextCount = 0, hitCount = 6, missCount = 1, failureCount = 0]
2025-06-29T17:10:31.926+09:00 DEBUG 10716 --- [my-test-app] [           main] org.springframework.test.context.cache   : Spring test ApplicationContext cache statistics: [DefaultContextCache@6174ff60 size = 1, maxSize = 32, parentContextCount = 0, hitCount = 7, missCount = 1, failureCount = 0]
2025-06-29T17:10:31.926+09:00 DEBUG 10716 --- [my-test-app] [           main] org.springframework.test.context.cache   : Spring test ApplicationContext cache statistics: [DefaultContextCache@6174ff60 size = 1, maxSize = 32, parentContextCount = 0, hitCount = 8, missCount = 1, failureCount = 0]
2025-06-29T17:10:31.927+09:00 DEBUG 10716 --- [my-test-app] [           main] org.springframework.test.context.cache   : Spring test ApplicationContext cache statistics: [DefaultContextCache@6174ff60 size = 1, maxSize = 32, parentContextCount = 0, hitCount = 9, missCount = 1, failureCount = 0]
2025-06-29T17:10:31.928+09:00 DEBUG 10716 --- [my-test-app] [           main] org.springframework.test.context.cache   : Spring test ApplicationContext cache statistics: [DefaultContextCache@6174ff60 size = 1, maxSize = 32, parentContextCount = 0, hitCount = 10, missCount = 1, failureCount = 0]
2025-06-29T17:10:31.928+09:00 DEBUG 10716 --- [my-test-app] [           main] org.springframework.test.context.cache   : Spring test ApplicationContext cache statistics: [DefaultContextCache@6174ff60 size = 1, maxSize = 32, parentContextCount = 0, hitCount = 11, missCount = 1, failureCount = 0]
2025-06-29T17:10:31.929+09:00 DEBUG 10716 --- [my-test-app] [           main] org.springframework.test.context.cache   : Spring test ApplicationContext cache statistics: [DefaultContextCache@6174ff60 size = 1, maxSize = 32, parentContextCount = 0, hitCount = 12, missCount = 1, failureCount = 0]
2025-06-29T17:10:31.941+09:00 DEBUG 10716 --- [my-test-app] [           main] org.springframework.test.context.cache   : Spring test ApplicationContext cache statistics: [DefaultContextCache@6174ff60 size = 1, maxSize = 32, parentContextCount = 0, hitCount = 13, missCount = 1, failureCount = 0]
2025-06-29T17:10:31.942+09:00 DEBUG 10716 --- [my-test-app] [           main] .c.s.DirtiesContextTestExecutionListener : After test method: class [MyTestAppApplicationTests], method [contextLoads], class annotated with @DirtiesContext [false] with mode [null], method annotated with @DirtiesContext [false] with mode [null]
2025-06-29T17:10:31.942+09:00 DEBUG 10716 --- [my-test-app] [           main] o.s.t.c.w.ServletTestExecutionListener   : Resetting RequestContextHolder for test class com.example.my_test_app.MyTestAppApplicationTests
]]></system-out>
    <system-err><![CDATA[Mockito is currently self-attaching to enable the inline-mock-maker. This will no longer work in future releases of the JDK. Please add Mockito as an agent to your build as described in Mockito's documentation: https://javadoc.io/doc/org.mockito/mockito-core/latest/org.mockito/org/mockito/Mockito.html#0.3
WARNING: A Java agent has been loaded dynamically (C:\Users\aki0g\.m2\repository\net\bytebuddy\byte-buddy-agent\1.17.5\byte-buddy-agent-1.17.5.jar)
WARNING: If a serviceability tool is in use, please run with -XX:+EnableDynamicAgentLoading to hide this warning
WARNING: If a serviceability tool is not in use, please run with -Djdk.instrument.traceUsage for more information
WARNING: Dynamic loading of agents will be disallowed by default in a future release
]]></system-err>
  </testcase>
</testsuite>